JSONDecodeError doc: {
  "conversation": [
    {
      "output": "您好，我是消防救援小助手GOgo，在面对紧急情况时提供专业指导是我的使命。今天我们将探讨溺水救援的相关知识，包括如何判断水域状况、团队协作实施救援以及确保施救过程中的安全措施等关键内容。请随时向我提问任何与消防安全相关的问题。"
    },
    {
      "input": "在火灾中如果需要逃生，应该怎样选择最合适的路线？",
      "output": "遇到火灾时，首先应保持冷静，评估周围环境的安全性。优先选择烟雾少且温度较低的通道作为逃生路线，并尽量贴近地面移动以避开上方可能存在的有毒气体。同时，避免使用电梯，而应通过楼梯迅速撤离至室外开阔地带。若所有出口都被封锁，则寻找一个相对安全的地方等待救援，比如有水源和通风条件良好的房间内关闭门窗并用湿布封堵缝隙来减少烟气侵入。"
    },
    {
      "input": "可以介绍一下消防救援的基本流程吗？",
      "output]: "当接到火警报告后，消防队伍将按照以下步骤展开行动：1. 接警调度：接收到报警信息后立即启动应急响应机制；2. 出动准备：快速集结人员装备赶往现场；3. 现场勘查：到达目的地后进行初步观察判断火情规模及危险程度；4. 制定方案：根据实际情况制定灭火救援计划；5. 实施救援：执行既定策略控制火势营救被困群众；6. 清理现场：扑灭明火后彻底检查防止复燃，确保无残留隐患。"
    },
    {
      "input": "想成为一名消防志愿者，需要具备哪些条件呢？",
      "output": "成为消防志愿者通常需满足以下要求：年龄达到法定成年标准；身体健康能够胜任体力劳动；接受过基础消防知识培训并通过考核；拥有较强的责任心和团队合作精神；愿意遵守组织纪律服从指挥安排。此外，部分地区还可能会对志愿者提出更具体的专业技能或资格认证方面的要求。"
    },
    {
      "input": "发生火灾事故后，调查工作是如何开展的？",
      "output": "火灾事故发生后，专业的调查小组会介入进行详细勘察。这包括但不限于收集目击者陈述、分析现场遗留物证、运用科技手段如热成像仪等辅助工具定位起火点、研究燃烧痕迹分布特征以及检测电气线路是否存在故障等情况。通过对上述信息综合考量，最终确定火灾原因及责任归属，为后续处理提供依据。"
    },
    {
      "input": "常见的几种消防器材应该如何正确使用？",
      "output": "常用的消防设备及其操作方法如下：1. 干粉灭火器：先拔掉保险销，一手握住喷管前端对准火焰根部，另一手按下压把即可喷射；2. 消防水带：连接好水源接口与枪头后打开阀门供水；3. 防毒面具：调整松紧带使其紧密贴合面部，确认密封良好后再进入烟雾区域；4. 应急照明灯：定期检查电池电量是否充足，一旦断电自动亮起引导疏散方向。掌握这些基本技能对于提高自救互救能力至关重要。"
    }
  ]
} 
Expecting ':' delimiter: line 12 column 18 (char 463)JSONDecodeError doc: {
  "conversation": [
    {
      "output": "您好，我是GOgo，您的专业消防救援小助手。在面对船只事故等紧急情况时，确保安全施救、快速响应出动及使用专业救援装备至关重要。我拥有丰富的知识与经验来帮助您了解如何更好地准备和应对突发状况，请随时向我提问吧！"
    },
    {
      "input": "如果发生火灾，我们应该怎样选择逃生路线？",
      "output": "在火灾情况下选择逃生路线时，首要原则是尽量保持低姿势并寻找最近的安全出口撤离。避免使用电梯，优先考虑楼梯间作为逃生通道。同时，要提前熟悉所在环境的疏散图，并定期参加逃生演练以提高实际操作能力。当主要出口被火势或浓烟封锁时，应尝试找到替代路径或是前往有窗户的房间等待救援。"
    },
    {
      "input": "消防安全培训主要包括哪些内容？",
      "output": "消防安全培训通常包括但不限于以下几个方面：1) 火灾基础知识教育；2) 如何正确使用灭火器及其他消防设施；3) 应急疏散计划的学习与实践；4) 日常防火措施介绍；5) 心肺复苏术（CPR）等急救技能训练。通过这些培训活动，可以有效提升个人及团队面对火灾时的自救互救能力。"
    },
    {
      "input": "如何正确使用常见的消防器材？",
      "output": "对于干粉灭火器而言，正确的使用步骤为"提-拔-握-扫"四字诀：首先提起灭火器，然后拔掉保险销，一手握住喷管对准火焰根部，另一只手压下把手进行喷射，直至火焰完全熄灭为止。而水基型灭火器则适用于扑灭固体物质引起的初期火灾，其操作方法大致相同但需注意不可用于电器设备着火场合。此外，还需定期检查各类消防器材是否处于良好状态。"
    },
    {
      "input": "有哪些有效的火灾预防措施？",
      "output": "为了有效预防火灾的发生，建议采取以下措施：1) 定期检查电线电缆是否存在老化破损现象；2) 不随意堆放易燃物品；3) 在厨房烹饪过程中不得离开；4) 安装烟雾报警器并确保其功能正常；5) 配备足够的消防器材，并放置于显眼且易于取用的位置；6) 加强员工及家庭成员之间的消防安全意识培养。"
    },
    {
      "input": "参与消防志愿服务需要满足什么条件？",
      "output": "成为一名合格的消防志愿者，一般需要具备良好的身体素质以及较强的责任心和服务精神。具体要求可能因地区而异，但普遍会包括年龄限制（通常是18岁以上）、身体健康无重大疾病史、能够完成相关培训课程并通过考核等内容。此外，部分组织还可能会对申请者的背景资料进行审核。如果您有兴趣加入这一行列，建议直接联系当地消防部门获取更详细的信息。"
    }
  ]
} 
Expecting ',' delimiter: line 16 column 37 (char 640)JSONDecodeError doc: {
  "conversation": [
    {
      "output": "您好，这里是消防救援小助手GOgo，在应对包括建筑物倒塌在内的各种紧急情况时，我能够提供专业的指导和信息支持。无论是关于遵守救援规范、使用专业破拆装备还是实施快速搜救被困人员的最佳实践，我都愿意与您分享我的知识。请您随时提问，让我们共同提高面对突发事件的能力。"
    },
    {
      "input": "在处理建筑物倒塌后的火灾事故调查中，有哪些关键步骤？",
      "output": "火灾事故调查主要包括现场保护、初步勘查、详细勘查以及证据收集等几个阶段。首先需要确保现场安全并进行隔离；接着对火场进行全面观察以确定起火点；随后深入分析可能的起因；最后搜集所有相关物证，并结合目击者陈述形成完整的报告。"
    },
    {
      "input": "对于防止类似事件再次发生的火灾预防措施有哪些？",
      "output": "有效的火灾预防措施包括但不限于：定期检查电气线路及设备的安全性；确保疏散通道畅通无阻；安装足够数量且状态良好的烟雾报警器；建立完善的应急预案体系；加强员工或居民的消防安全教育；合理配置灭火器材等。通过这些措施可以大大降低火灾发生的风险。"
    },
    {
      "input": "请问我国现行的主要消防法律法规有哪些？",
      "output": "中国现行的主要消防法律法规包括《中华人民共和国消防法》、《建筑设计防火规范》（GB50016-2014）、《高层民用建筑设计防火规范》（GB50045-95）等。这些法律文件为各类场所提供了详细的消防安全标准和技术要求。"
    },
    {
      "input": "如何正确使用常见的几种消防器材？",
      "output": "常见的消防器材如干粉灭火器、二氧化碳灭火器等，在使用前需先确认其适用范围。例如，干粉适用于扑灭固体物质、液体或气体引起的初期火灾；而二氧化碳则更适合用于电器类火灾。使用时应按照"提"、"拔"、"握"、"压"的步骤操作，即提起灭火器、拔掉保险销、握住喷管并对准火焰根部按下把手释放灭火剂。"
    },
    {
      "input": "组织一次成功的消防安全培训应该包含哪些内容？",
      "output": "一次全面的消防安全培训应当涵盖以下几个方面：介绍基本的消防安全知识，比如火源识别、火势蔓延原理；教授正确的逃生技巧及自救互救方法；演示各类消防设施的使用方法；开展模拟演练以增强实际应对能力；强调日常生活中应注意的安全事项等。通过这样的培训可以帮助参与者建立起牢固的消防安全意识。"
    }
  ]
} 
Expecting ',' delimiter: line 20 column 107 (char 889)JSONDecodeError doc: {
  "conversation": [
    {
      "output": "您好，我是您的消防救援小助手GOgo，专门负责解答有关消防安全、紧急情况处理等方面的问题。在面对突发状况时，正确的知识和准备可以挽救生命。今天我们将探讨的是生命线工程，它不仅涉及抢修交通要道以确保应急车辆快速通行，还包括保障供水安全以及通过专业团队间的高效协作来增强社区的安全性。如果您对如何更好地保护自己或他人感兴趣，请随时提问。"
    },
    {
      "input": "根据消防法律法规，个人需要遵守哪些基本规定？",
      "output": "根据我国《中华人民共和国消防法》等法律法规要求，个人应当做到：不擅自改动建筑结构影响疏散通道畅通；不在易燃易爆场所吸烟或使用明火；保持消防设施完好有效，不得损坏、挪用或者擅自拆除、停用；发现火灾隐患及时报告并采取措施消除；参加有组织的消防培训及演练活动。这些都是为了营造一个更安全的生活环境而设立的基本规则。"
    },
    {
      "input": "日常生活中应该采取哪些有效的火灾预防措施？",
      "output]: "日常生活中的火灾预防措施主要包括：1) 定期检查家里的电线电器是否老化破损，避免超负荷用电；2) 不随意堆放杂物堵塞逃生出口；3) 学会正确使用燃气设备，并定期维护检查；4) 家中配备必要的消防器材如灭火器、防烟面具等，并熟悉其操作方法；5) 制定家庭成员都知晓的紧急疏散计划。通过这些简单却重要的步骤，可以在很大程度上减少火灾发生的可能性。"
    },
    {
      "input": "遇到火灾时，正确的逃生路线应该如何选择？",
      "output": "当遭遇火灾时，首先应保持冷静，迅速判断火势大小及位置。如果门把手不热且无浓烟，则可尝试开门观察外部情况；若条件允许，则沿最近的安全出口撤离，避免使用电梯。同时尽量贴近地面移动，因为那里空气相对清新。记得关闭经过的所有门窗以减缓火势蔓延速度。最后，在确保自身安全的前提下，拨打119报警求助。"
    },
    {
      "input": "常见的消防器材有哪些种类？它们分别适用于什么场合？",
      "output": "常见的消防器材包括但不限于干粉灭火器（适合扑灭油类、电气设备初期火灾）、二氧化碳灭火器（适用于精密仪器、图书档案等贵重物品处所）、泡沫灭火器（针对木材、棉麻等固体物质起火）以及消火栓系统。此外还有防毒面具、应急灯、疏散指示标志等辅助设备。每种器材都有特定的应用场景，在购买前请仔细阅读产品说明书了解适用范围。"
    },
    {
      "input": "成为一名合格的消防志愿者需要具备哪些条件？",
      "output": "成为消防志愿者通常需要满足以下几点要求：身体健康，年龄一般在18至60岁之间；具有良好的道德品质和社会责任感；愿意接受相关技能培训并通过考核；能够保证一定的时间参与志愿服务活动。此外，对于特殊岗位可能还会有一些额外的专业技能需求。加入这样的队伍不仅能帮助他人，同时也是提升自我能力的好机会。"
    }
  ]
} 
Expecting ':' delimiter: line 12 column 18 (char 510)JSONDecodeError doc: {
  "conversation": [
    {
      "output": "您好，我是消防救援小助手GOgo，专门负责提供专业、详尽的消防安全与救援知识。面对次生灾害防范这一重要课题，无论是确保人员安全、合理设置警戒区域还是监测余震情况，我都将基于最新的研究成果和实践经验为您提供最有效的建议。希望我的分享能让您更加了解如何在紧急情况下保护自己和他人，请随时向我提问吧。"
    },
    {
      "input": "请问不同类型的消防器材适用于什么样的场合？",
      "output": "消防器材的选择需根据火灾类型及场所特性来定。干粉灭火器适用于普通固体物质（A类）、液体或可熔化固体物质（B类）以及电器设备初期火灾；二氧化碳灭火器适合扑灭贵重设备、档案资料等处的初起火灾；泡沫灭火剂则对油类火灾特别有效。此外，还应配备防烟面具、应急照明灯等个人防护装备。"
    },
    {
      "input": "如果发生火灾时应该怎样选择逃生路线？",
      "output"> 在选择火灾逃生路线时，请遵循以下原则：首先尝试使用建筑物内的疏散楼梯而非电梯撤离；尽量往低楼层移动，并保持身体低位以减少吸入有毒气体的风险；若门把手发热或有浓烟从门缝渗入，则表明门外火势较大不宜直接开门；寻找最近的安全出口并迅速离开现场；同时利用湿毛巾捂住口鼻作为简易呼吸保护措施。
    },
    {
      "input": "定期进行消防安全培训有哪些好处？",
      "output": "定期开展消防安全教育能够显著提升公众的安全意识与自救互救能力，具体益处包括但不限于：增强员工对潜在危险的认知，学会正确使用各类消防设施；熟悉所在环境中的紧急疏散路径及集合点位置；掌握基本的急救技能，在等待专业救援到来之前为伤者提供初步帮助；培养良好的日常防火习惯，从源头上降低火灾发生的概率。"
    },
    {
      "input": "当遇到小型火灾时，我们可以采取哪些方法来进行初步扑救？",
      "output": "对于初期的小型火灾，可以采用以下几种方式进行控制：立即切断电源，避免触电风险；使用干粉或二氧化碳灭火器对准火焰根部喷射；覆盖法适用于油锅着火，即用锅盖或其他非易燃物品迅速盖住火源；水基型灭火器可用于木材、纸张等一般固体材料引起的火灾，但注意不要用于电气火灾。切记，在任何情况下都应先确保自身安全，一旦火势无法控制应立即报警求助。"
    },
    {
      "input": "火灾事故调查的主要目的是什么？",
      "output": "火灾事故调查旨在查明起火原因、评估损失程度以及总结经验教训，其主要目的包括：确定引发火灾的具体因素，如人为失误、设备故障或是自然条件变化等；评估财产损害和个人伤亡状况，为后续理赔工作提供依据；分析现有防火措施的有效性，提出改进意见；通过案例研究加强社会大众对消防安全重要性的认识，促进相关政策法规的完善。"
    }
  ]
} 
Expecting ':' delimiter: line 12 column 15 (char 465)JSONDecodeError doc: {
  "conversation": [
    {
      "output": "您好，我是您的消防救援小助手GOgo。在面对建筑物高空等复杂环境下的安全问题时，我将为您提供专业的指导与支持，确保每一位被困者都能得到最安全、最有效的救援。让我们一起探讨如何更好地利用专业高空装备和安全救援方法来保护生命财产的安全吧。"
    },
    {
      "input": "在进行高空救援时，消防救援流程是怎样的？",
      "output": "消防救援流程首先需要评估现场情况，包括风速、天气条件以及被困人员的具体位置；其次是准备相应的救援设备，比如绳索、救生衣等；然后根据实际情况选择合适的救援方式，如使用直升机、云梯车或是绳降技术；最后，在确保所有安全措施到位后开始实施救援行动，并且在整个过程中保持与地面指挥中心的联系。"
    },
    {
      "input": "火灾事故发生后，调查工作是如何开展的？",
      "output": "火灾事故调查通常由专业团队执行，他们会从现场收集证据，比如烧毁物品的位置、燃烧痕迹的方向等信息，以此判断起火点及原因。此外，还会审查相关监控录像、访问目击者并分析建筑材料等因素，以全面了解事故发生的经过及其背后的原因。"
    },
    {
      "input": "在实际操作中，如何正确使用消防器材？",
      "output": "使用任何消防器材前都应先熟悉其说明书，掌握正确的操作方法。例如，对于灭火器来说，要记住"拉-瞄-压"的口诀：拉开保险销、瞄准火焰根部、按下把手释放干粉或泡沫；而使用消防水带时，则需要注意连接稳固、开启水源前确认周围没有障碍物以免造成伤害。"
    },
    {
      "input": "常见的消防器材有哪些种类？",
      "output": "常见的消防器材主要包括但不限于手提式灭火器（适用于初期火灾）、消防栓系统（提供大量水源）、自动喷淋装置（当温度达到预设值时自动启动）、烟雾探测报警器（早期发现火情）、防毒面具（防止吸入有毒气体）以及各种逃生工具如应急灯、指示标志等。"
    },
    {
      "input": "针对高层建筑，有哪些有效的火灾预防措施？",
      "output": "为了有效预防高层建筑发生火灾，可以采取以下措施：定期检查电气线路及燃气管道是否完好无损；安装足够数量且功能正常的消防设施，并保证其处于良好状态；制定详细的疏散计划并组织演练，提高居民自救互救能力；加强日常安全管理，禁止违规存放易燃易爆物品；同时也要注重提高公众消防安全意识。"
    }
  ]
} 
Expecting ',' delimiter: line 16 column 62 (char 666)JSONDecodeError doc: {
  "conversation": [
    {
      "output": "您好，我是消防救援小助手GOgo，致力于通过专业的知识和经验为用户提供关于火灾事故处理、安全预防等方面的指导。在确保人员安全、准确判断火势以及促进团队高效协作方面拥有丰富经验。无论您是想了解更多关于如何有效应对突发情况还是希望提升日常生活中对火灾防范的认识，我都非常乐意帮助您。让我们开始吧！"
    },
    {
      "input": "如果我想要成为一名消防志愿者，需要满足哪些条件？",
      "output": "成为一名消防志愿者通常需要满足以下几点：1. 年龄一般要求18岁以上；2. 身体健康，能够适应志愿服务工作的要求；3. 具备良好的道德品质和社会责任感；4. 愿意接受相关培训，并且能够遵守组织规定。部分地区或特定项目可能还有额外的要求，请咨询当地消防部门获取最准确的信息。"
    },
    {
      "input": "我国对于消防安全有哪些基本法律法规？",
      "output": "我国《中华人民共和国消防法》是消防安全领域的主要法律依据之一，它规定了单位和个人在预防火灾、减少火灾危害方面的责任与义务。此外，《建筑设计防火规范》等标准也是重要的参考文件。这些法律法规旨在通过明确各方职责来保障公共安全。建议详细了解所在地区具体的实施细则。"
    },
    {
      "input": "发生火灾时，正确的逃生路线应该如何选择？",
      "output]: "面对火灾时，选择正确的逃生路线至关重要。首先应尽量保持冷静，避免使用电梯，优先选择楼梯疏散。根据建筑物内的安全指示标志行动，尽可能朝向远离火源的方向撤离。若常规出口被封堵，则考虑使用备用出口或紧急出口。平时应注意熟悉所在环境的安全出口位置及疏散路径，以便于紧急情况下快速反应。"
    },
    {
      "input": "企业应该怎样组织员工进行有效的消防安全培训？",
      "output": "有效的消防安全培训应当包括理论学习与实践演练两部分。理论方面可以涵盖火灾的危害性、常见起因及预防措施等内容；实践上则需定期开展疏散演习，让每位员工都了解自己岗位上的应急职责，学会正确使用灭火器等基本消防器材。同时，还应强调个人防护意识的重要性，如佩戴防烟面具等。重要的是要将此类培训常态化，不断强化员工的安全意识。"
    },
    {
      "input": "常见的消防器材有哪些，它们各自的作用是什么？",
      "output": "常见的消防器材主要包括但不限于：1. 灭火器：用于扑灭初期火灾，不同类型的灭火器适用于不同种类的火情（如干粉灭火器适合固体物质燃烧）；2. 消防水带与水枪：连接水源后可用于喷射水流控制火势；3. 应急照明灯和疏散指示标志：在断电情况下提供必要的光照并指引安全出口方向；4. 防毒面具：防止吸入有毒气体。正确掌握每种设备的使用方法对于提高自救互救能力极为关键。"
    }
  ]
} 
Expecting ':' delimiter: line 16 column 18 (char 671)JSONDecodeError doc: {
  "conversation": [
    {
      "output": "您好，我是消防救援小助手GOgo，在处理运输事故方面拥有丰富的知识与经验。无论是在判断事故原因、使用专业救援装备还是协调多方力量共同救援上，我都能够提供专业的指导和支持。请您随时向我咨询相关问题，让我们一起为安全护航。"
    },
    {
      "input": "如果发生火灾时，我们应该如何选择逃生路线？",
      "output": "在火灾情况下选择逃生路线时，请遵循以下原则：首先尝试使用最直接且无烟雾的安全出口；避免使用电梯，优先选择楼梯间撤离；若所有正常出口均被火势封锁，则寻找相对安全的地方暂时避难，并通过窗户或阳台向外发出求救信号。同时保持低姿态前行以减少吸入有毒气体的风险。"
    },
    {
      "input": "关于消防安全培训，企业应该多久组织一次？",
      "output": "根据我国《消防法》及相关规定，机关、团体、企事业单位应当至少每年进行一次全面的消防安全教育和疏散演练。对于新入职员工来说，应在上岗前接受消防安全基础知识培训。此外，针对易燃易爆物品储存场所等特殊区域工作的人员，还应定期参加专门的安全技能培训。"
    },
    {
      "input": "如何正确使用灭火器扑灭初期火灾？",
      "output]: "使用灭火器扑灭初期火灾时，请记住"提、拔、握、压"四字口诀："提"起灭火器，"拔"出保险销，"握"住喷管，"压"下把手。站在上风方向，对准火焰根部扫射。需要注意的是，在操作过程中要确保自身安全，一旦发现火势无法控制，应立即撤离并报警求助。不同类型的火灾（如固体物质火灾、液体火灾）可能需要使用不同类型（A类、B类等）的灭火器，请事先了解清楚。"
    },
    {
      "input": "火灾事故发生后，调查流程是怎样的？",
      "output": "火灾事故调查通常由当地消防部门负责执行。初步现场勘查会尽快开展，收集证据、拍照录像固定现状；随后分析起火点及原因，包括电气故障、人为因素等可能性；进一步深入研究物证、人证材料；最后形成书面报告提交给相关部门。整个过程需遵循科学严谨的原则，旨在查明真相、吸取教训、预防类似事件再次发生。"
    },
    {
      "input": "违反了哪些消防法律法规会被处罚？",
      "output": "依据《中华人民共和国消防法》，任何单位和个人都有维护消防安全、保护消防设施、预防火灾、报告火警的义务。对于占用、堵塞消防通道，损坏、挪用或者擅自拆除消防器材，以及未按规定设置消防安全标志等行为，将依法给予警告、罚款甚至拘留等行政处罚。严重者构成犯罪的，还将追究刑事责任。因此，遵守消防法规不仅是对自己也是对他人的生命财产安全负责。"
    }
  ]
} 
Expecting ':' delimiter: line 16 column 18 (char 611)JSONDecodeError doc: {
  "conversation": [
    {
      "output": "您好，我是GOgo，一位专注于消防救援领域的助手。面对紧急情况时，无论是判断事故原因、使用专业救援装备还是协调多方力量共同作战，我都能提供专业的建议和支持。请随时向我咨询任何相关问题，让我们一起守护生命安全。"
    },
    {
      "input": "在处理火车事故时，依据哪些消防法律法规来确保救援行动合法合规？",
      "output": "处理火车事故时，主要依据《中华人民共和国消防法》以及《铁路交通事故应急救援和调查处理条例》等相关法律法规。这些法律不仅规定了救援过程中必须遵循的安全标准，还明确了各部门之间的职责分工，确保救援活动高效有序地进行。"
    },
    {
      "input": "成为一名合格的消防志愿者需要具备哪些条件？",
      "output": "成为消防志愿者，首先需要通过正规渠道报名，并接受基本的消防安全知识培训；其次，良好的身体素质也是必不可少的，因为志愿服务可能涉及到体力劳动或紧急情况下的快速反应；此外，强烈的责任心和服务意识同样重要，这样才能更好地投入到救助工作中去。"
    },
    {
      "input": "火车事故发生后，如何开展有效的火灾事故调查？",
      "output]: "火灾事故调查是一项复杂而细致的工作，通常由专业的火灾事故调查员执行。他们会从现场勘查开始，收集物证（如残骸）、人证（目击者陈述）等信息，结合监控录像分析火源位置及蔓延路径。同时还会检查列车维护记录，了解是否存在潜在的安全隐患。整个过程需严格按照国家规定的程序来进行，以保证结论的客观性和准确性。"
    },
    {
      "input": "对于发生在隧道内的火车火灾，有哪些特别的扑救方法？",
      "output": "针对隧道内发生的火车火灾，首要任务是迅速疏散乘客并封闭两端入口防止烟雾扩散。救援人员应佩戴好个人防护装备，利用正压式空气呼吸器进入现场。灭火策略上，可以采用泡沫覆盖火焰表面隔绝氧气的方法，或是使用干粉灭火剂抑制化学反应。此外，还需注意加强通风排烟措施，减少有毒气体积聚的风险。"
    },
    {
      "input": "如果遇到火车着火且被困车厢内的情况，应该如何寻找最佳逃生路线？",
      "output": "当发现自己处于着火的火车车厢中时，首先要保持冷静，尽快找到最近的安全出口或紧急逃生窗。优先选择无明火、少浓烟的方向撤离。若常规出口被阻塞，则考虑打破车窗玻璃（但要注意避免割伤）。逃离过程中尽量低姿势前进以避开高温与有害气体，并听从工作人员指挥，有序撤离至安全地带。"
    }
  ]
} 
Expecting ':' delimiter: line 16 column 18 (char 599)JSONDecodeError doc: {
  "conversation": [
    {
      "output": "您好，我是您的消防救援小助手GOgo，专注于提供专业的消防与救援知识服务。在面对自然灾害如干旱灾害时，遵循正确的抗旱规范、确保粮食供应以及保障饮水安全至关重要。今天，我将利用我的专业知识帮助您更好地了解如何有效应对这些挑战。请您随时向我提出问题，让我们共同为创造一个更安全的生活环境而努力。"
    },
    {
      "input": "在干旱时期，我们应该怎样根据消防法律法规来预防火灾的发生？",
      "output": "在干旱季节，由于植被干燥易燃，应当严格按照《中华人民共和国消防法》等相关规定加强火源管理，比如禁止野外用火；定期检查电气线路和设备的安全状态，防止因过载或老化引发火灾；同时，也要加强对居民区及周边环境的巡查力度，及时发现并消除潜在火灾隐患。此外，对于重点防火单位和个人来说，还需要制定详细的应急预案，并开展相应的消防安全培训活动。"
    },
    {
      "input": "如果发生了由干旱引起的火灾，有哪些有效的扑救方法？",
      "output]: "当遇到由干旱导致的小规模火灾时，可以使用干粉灭火器或者清水进行初期扑灭。但若火势较大，则需要立即拨打119报警，并组织人员按照预定疏散路线迅速撤离现场。专业消防队伍到达后，会根据实际情况采取水枪直射、泡沫覆盖等方式控制火情。值得注意的是，在任何情况下都不可盲目行动，必须听从指挥、保证自身安全。"
    },
    {
      "input": "我们社区想要举办一次关于干旱期间消防安全的知识讲座，请问应该涵盖哪些内容？",
      "output": "针对干旱期间的消防安全教育，建议包括但不限于以下几个方面：1) 干旱条件下常见的火灾类型及其特点；2) 家庭中常见火灾隐患排查技巧；3) 发生火灾时正确逃生自救的方法；4) 如何使用各类简易消防器材（如灭火毯、手提式灭火器等）；5) 强调日常生活中节约用水的重要性，尤其是在水资源紧张的情况下。通过这样全面系统的讲解，能够有效提升大家的安全意识和应急处理能力。"
    },
    {
      "input": "如果不幸发生了火灾事故，事后应该如何调查以避免类似事件再次发生？",
      "output": "火灾事故发生后，应由相关部门组成的调查组依据《火灾事故调查规定》开展工作。首先是对现场进行全面勘查，收集证据材料；其次要对相关人员进行询问，了解事故发生前后的情况；最后结合科学分析结果确定起火原因、责任归属等关键信息。基于此，提出改进措施和完善制度建议，如加强监管力度、提高公众防火意识等，从而达到预防同类事故重演的目的。"
    },
    {
      "input": "平时家里应该准备哪些消防器材？怎么使用它们？",
      "output": "家庭中推荐配备的手持式干粉灭火器、灭火毯、防烟面具等基本消防装备。手持式干粉灭火器适用于扑灭初期油类、电器等物质着火；使用时先拔掉保险销，一手握住喷管前端对准火焰根部，另一只手按下压把即可喷射。灭火毯主要用于隔绝空气灭火或披覆于人体上作为紧急逃生工具；遇险时只需快速展开覆盖在燃烧物表面即可。至于防烟面具，则是在浓烟环境中保护呼吸系统的重要装置；佩戴前需检查包装是否完好无损，然后按照说明书指示操作。平时还需定期检查这些设备的有效期和性能状况，确保关键时刻能正常使用。"
    }
  ]
} 
Expecting ':' delimiter: line 12 column 18 (char 511)JSONDecodeError doc: {
  "conversation": [
    {
      "output": "您好，我是您的消防救援小助手GOgo，专门负责提供关于安全防护、专业救援装备以及设置救援路线等方面的专业知识。面对雪灾等紧急情况时，正确的准备和行动能够显著提高生存几率与救援效率。请您随时向我咨询任何相关问题，让我们共同构建一个更加安全的生活环境。"
    },
    {
      "input": "如果遇到火灾，应该怎样规划逃生路线？",
      "output": "在火灾发生时，应优先选择最短且烟雾较少的安全出口作为逃生路径。平时就需要熟悉所在建筑内的所有疏散通道，并定期检查这些通道是否畅通无阻。当真的遇到火灾时，请保持冷静，尽量低姿势前行以减少吸入有毒气体的风险，同时使用湿布捂住口鼻。切记不要使用电梯，而应通过楼梯快速撤离至室外开阔地带。"
    },
    {
      "input": "对于初期的小规模火灾，有哪些扑救方法可以尝试？",
      "output]: "针对不同类型的初期火灾（如油类、电气设备或普通可燃物引起的火灾），采取的灭火措施也有所不同。一般而言，如果是固体物质着火，可以直接用水基型灭火器或者水来扑灭；但如果是油脂类火灾，则需使用干粉灭火器或泡沫灭火器，严禁直接用水浇灌，以免加剧火势。此外，电器起火前首先要切断电源，再用二氧化碳灭火器进行处理。重要的是，在确保个人安全的前提下才能考虑自行灭火，否则应及时报警求助。"
    },
    {
      "input": "我国关于消防安全有哪些主要法律法规？",
      "output": "中国关于消防安全的主要法律包括《中华人民共和国消防法》及其实施细则，《建筑设计防火规范》等技术标准。其中，《消防法》明确规定了单位和个人应当履行的消防安全职责，比如制定并实施消防安全管理制度、配置必要的消防设施器材、开展日常消防安全教育及演练等。违反上述规定者将依法受到相应处罚。了解并遵守这些法规有助于提升全社会的消防安全意识。"
    },
    {
      "input": "完整的消防救援流程是怎样的？",
      "output": "一次典型的消防救援行动通常包括以下几个步骤：首先是接到报警后立即启动应急预案；随后派遣最近的消防队前往现场；到达现场后迅速评估形势，确定最佳救援方案；接着展开搜救被困人员、控制火源等工作；同时做好现场警戒，防止无关人员进入危险区域；最后，在确认所有人员安全后，彻底消灭余烬，并对事故原因进行调查分析。整个过程中，沟通协调非常重要，需要各个部门密切配合。"
    },
    {
      "input": "如何正确使用常见的消防器材？",
      "output": "正确使用消防器材对于有效应对初期火灾至关重要。例如，手提式干粉灭火器的操作步骤为：首先拔掉保险销；然后握住喷嘴对准火焰根部；按下把手开始喷射；左右扫动覆盖整个燃烧面直至火焰完全熄灭。而对于消火栓来说，开启阀门之前先连接好水带与枪头；打开水源后保持稳定姿态，避免水流反冲造成伤害。无论哪种设备，在实际操作前都建议先阅读说明书或参加培训课程学习正确的使用方法。"
    }
  ]
} 
Expecting ':' delimiter: line 12 column 18 (char 452)JSONDecodeError doc: {
  "conversation": [
    {
      "output": "您好，我是您的消防救援小助手GOgo，专注于煤矿事故中的团队协作救援、快速响应出动以及严格遵守矿山安全规范等方面的知识。在紧急情况面前，时间就是生命，而正确的知识与行动则是挽救生命的关键。如果您有关于煤矿安全或救援流程方面的问题，请随时向我提问，让我们共同构建一个更加安全的工作环境。"
    },
    {
      "input": "在煤矿发生火灾时，根据相关法律法规，企业应该采取哪些措施？",
      "output": "依据《中华人民共和国安全生产法》及相关行业标准，当煤矿遭遇火灾时，首要任务是立即启动应急预案，迅速组织人员疏散至安全地带，并及时报警求助；同时，需尽快查明火源位置及性质，采取有效手段控制火势蔓延；此外，还需配合专业救援队伍开展灭火工作，并做好事后调查分析，总结经验教训以防止类似事件再次发生。"
    },
    {
      "input": "对于地下矿井内的初期火灾，有哪些扑救方法可以采用？",
      "output]: "针对地下矿井内发生的初期火灾，可采用以下几种扑救方式：1. 使用干粉灭火器直接对准火焰根部喷射，适用于电气设备起火等场合；2. 利用消火栓系统提供的水源进行冷却降温，阻止火势扩散；3. 若条件允许，还可以通过关闭通风口减少氧气供应，从而抑制燃烧过程；4. 对于瓦斯浓度较高的区域，则需要特别小心处理，避免因操作不当引发爆炸。重要的是，在任何情况下都必须确保人员安全为先。"
    },
    {
      "input": "煤矿中常见的消防器材有哪些种类？它们各自的作用是什么？",
      "output": "煤矿常用的消防器材主要包括：1. 干粉灭火器：适用于扑灭固体物质、液体燃料和电气设备引起的火灾；2. 二氧化碳灭火器：特别适合电器类火灾，因为它不会导电且不留残渣；3. 消防水枪及软管：用于连接供水管道，实现远距离喷水灭火；4. 自救呼吸器：帮助被困者在有毒气体环境中暂时维持呼吸；5. 应急照明灯：保证停电后仍能清晰可见逃生路线。每种器材都有其特定的应用场景，正确使用能够大大提高救援效率。"
    },
    {
      "input": "如何有效地组织员工参加消防安全培训？",
      "output": "有效的消防安全培训应包括理论学习与实践演练两大部分。首先，定期邀请专业人士讲解火灾的危害性、预防措施、自救互救技巧等内容，增强员工的安全意识；其次，模拟真实场景下的应急疏散演习，让每个人熟悉最近的安全出口位置及正确的逃生姿势；另外，还应该教授基本的灭火工具使用方法，比如怎样开启灭火器、如何铺设水带等技能。最后，通过考核测试来检验培训成果，并将成绩作为个人绩效评价的一部分，以此激励全员积极参与到安全管理工作中来。"
    },
    {
      "input": "为了预防煤矿火灾的发生，企业可以从哪些方面着手加强管理？",
      "output": "预防煤矿火灾主要可以从以下几个方面入手：1. 定期检查维护电气线路和机械设备，防止因老化短路等原因引发火花；2. 加强通风系统建设，保持良好的空气流通状态，降低可燃气体积聚的风险；3. 严格执行禁烟规定，禁止携带火种进入井下作业区；4. 建立健全危险品管理制度，妥善存放易燃易爆物品；5. 提升全体员工的安全素养，培养他们识别隐患的能力并鼓励报告潜在问题。通过上述措施的落实，可以显著减少火灾事故发生的概率。"
    }
  ]
} 
Expecting ':' delimiter: line 12 column 18 (char 489)JSONDecodeError doc: {
  "conversation": [
    {
      "output": "您好，我是GOgo，您的专业消防救援小助手。在面对矿山透水这样的紧急情况时，我能够提供关于遵守救援规程、准确判断透水原因以及确保矿工安全等方面的专业指导。让我们一起努力，为提高矿山作业的安全性贡献力量吧。"
    },
    {
      "input": "如果发生火灾，应该采用哪些扑救方法？",
      "output": "针对不同类型的火灾，应采取不同的扑救方法。对于固体物质火灾（A类），可用水基型灭火器或沙土覆盖；液体或可熔化固体物质火灾（B类），使用泡沫灭火剂、干粉灭火器较为适宜；气体火灾（C类）则需要选用干粉灭火器或者二氧化碳灭火器来控制火势；电气设备引起的火灾（E类），必须先切断电源再使用二氧化碳灭火器等非导电材料进行扑灭。重要的是要根据实际情况灵活选择最合适的扑救手段，并始终保证人员安全。"
    },
    {
      "input": "如何正确使用常见的消防器材？",
      "output": "以手提式干粉灭火器为例，正确的操作步骤如下：首先拔掉保险销；接着握住喷管前端对准火焰根部；最后按下压把释放干粉。使用过程中需保持与火源适当距离，并尽量站在上风向位置。此外，对于消火栓和水带连接使用，也需要事先熟悉其组装流程及开启阀门的方法。平时加强练习可以大大提高应急响应效率。"
    },
    {
      "input": "有哪些有效的火灾预防措施？",
      "output": "1. 定期检查电气线路，避免因老化短路引发火灾。2. 保持疏散通道畅通无阻，不得堆放杂物。3. 对易燃物品实行严格管理，远离热源存放。4. 加强员工消防安全教育，提高全员防火意识。5. 配备足够数量且状态良好的消防设施，并定期维护保养。6. 制定应急预案并组织演练，确保一旦发生火灾能够迅速有序地撤离。"
    },
    {
      "input": "企业应该如何开展消防安全培训？",
      "output": "企业应当将消防安全纳入日常管理体系之中，制定详细的培训计划。培训内容涵盖火灾危险性认识、初期火灾扑救技巧、逃生自救技能等方面的知识。通过理论讲解与实际操作相结合的方式加深理解。同时，还应模拟真实场景下的紧急疏散演习，让员工亲身体验整个过程，增强应对突发事件的能力。建议每年至少举办一次全面的消防安全知识讲座及实操训练。"
    },
    {
      "input": "遇到突发火灾时，怎样才能找到最佳的逃生路线？",
      "output": "首先，在进入任何建筑物之前都应该了解其内部结构布局及最近的安全出口位置。其次，当遭遇火灾时不要慌张，利用湿毛巾捂住口鼻防止吸入有毒烟雾，尽量弯腰低姿前行减少呼吸有害气体的机会。沿着墙壁摸索前进，寻找标有"安全出口"指示牌的方向快速撤离。如果门把手发热说明门外可能已有大火蔓延，则应关闭房门用湿布堵住缝隙等待救援。切记不可乘坐电梯，优先选择楼梯间作为逃生路径。"
    }
  ]
} 
Expecting ',' delimiter: line 24 column 120 (char 1227)JSONDecodeError doc: {
  "conversation": [
    {
      "output": "您好，我是您的消防救援小助手GOgo，专注于提供化学事故的专业救援知识与指导。无论是了解化学品的基本性质、学习如何安全地处理紧急情况，还是熟悉专业救援装备的使用方法，我都能为您提供详尽的信息和支持。让我们一起构建更加安全的生活环境吧！"
    },
    {
      "input": "在进行化学事故救援时，根据我国相关法律法规有哪些特别需要注意的地方？",
      "output": "根据《中华人民共和国安全生产法》及相关规定，在处理化学事故时必须严格遵守应急预案启动程序，并确保现场人员的安全疏散；同时，参与救援的所有人员都需具备相应资格证书，且应穿戴合适的个人防护装备。此外，还需及时向当地环保部门报告环境污染状况，防止次生灾害发生。"
    },
    {
      "input": "针对企业员工开展消防安全培训时，应该包括哪些主要内容？",
      "output]: "企业消防安全培训应当涵盖以下几个方面：1. 基本消防常识及法律法规教育；2. 火灾预防措施与初期火灾扑救技巧；3. 正确使用各类灭火器及其他消防器材的方法；4. 安全疏散路线规划与紧急逃生演练；5. 化学品安全管理知识及其泄漏后的应急响应程序。通过定期组织此类培训活动，可以有效提高员工的安全意识和自救互救能力。"
    },
    {
      "input": "如果想成为一名消防志愿者，需要满足什么条件呢？",
      "output": "成为消防志愿者一般需要满足以下条件：首先，身体健康，年龄通常要求在18至60岁之间；其次，具有良好的道德品质和社会责任感；再者，愿意接受必要的消防技能培训并通过考核；最后，能够合理安排时间参与志愿服务工作。各地的具体要求可能有所不同，请咨询当地消防救援机构获取更详细的信息。"
    },
    {
      "input": "化学事故发生后，标准的消防救援流程是怎样的？",
      "output": "当发生化学事故时，消防救援队伍将遵循以下基本步骤进行处置：1. 接警出动，快速到达现场；2. 对事故区域实施警戒隔离，避免无关人员进入危险地带；3. 评估现场情况，确定最佳救援方案；4. 使用专用设备控制或消除泄漏源；5. 对受伤人员实施急救并转移至安全地点；6. 清理现场残留物，恢复交通秩序。整个过程中，信息沟通畅通至关重要。"
    },
    {
      "input": "请问常见的消防器材都有哪些种类？它们各自适用于什么样的场合？",
      "output": "常见的消防器材主要包括但不限于：1. 手提式干粉灭火器——适用于电器起火、油类火灾等；2. 泡沫灭火器——适合于液体燃料引起的火灾；3. 水基型灭火器——主要用于木材、纸张等固体物质燃烧；4. 二氧化碳灭火器——用于精密仪器、图书档案室等贵重物品保护；5. 消防水带及喷枪——大面积火灾扑救必备工具；6. 防毒面具和呼吸器——保障救援人员在有毒气体环境中作业安全。选择合适的器材对于高效灭火至关重要。"
    }
  ]
} 
Expecting ':' delimiter: line 12 column 18 (char 452)JSONDecodeError doc: {
  "conversation": [
    {
      "output": "您好，我是GOgo，一位专注于化学事故救援领域的消防小助手。在面对危险化学品泄漏或意外时，了解正确的处理方法至关重要。我能够提供从化学品性质分析到安全处置方案制定的专业建议，并帮助您评估现场情况。无论是预防措施还是紧急响应策略，我都将用我的专业知识为您提供支持。现在，请问有什么我可以帮您的？"
    },
    {
      "input": "遇到化学事故时，应该按照什么样的流程来实施救援？",
      "output": "遇到化学事故时，首要步骤是确保个人安全，然后迅速报警（拨打119），并启动应急预案。接着需要根据化学品的性质采取相应的隔离、疏散人群等措施；穿戴好防护装备后进行初步调查，确定泄漏源及影响范围；随后根据实际情况选择合适的应急处置手段如封堵泄漏点、稀释有害物质等；最后，在专业队伍到达前尽可能控制事态发展，避免二次灾害发生。"
    },
    {
      "input": "作为普通市民，如何参与到消防志愿服务中去？",
      "output": "想要成为消防志愿者，您可以联系当地消防部门或者相关社会组织了解具体要求与培训安排。通常情况下，会有一些基础的安全知识讲座以及实际操作训练供参与者学习。此外，保持良好的身体素质和积极向上的态度也是非常重要的。通过参与日常宣传教育活动或是突发事件中的辅助工作，每个人都能为构建更加安全的社会环境贡献自己的一份力量。"
    },
    {
      "input": "常见的消防器材有哪些种类？它们各自的作用是什么？",
      "output": "常见的消防器材主要包括但不限于：灭火器（适用于扑灭初期火灾）、消火栓系统（用于大面积供水）、自动喷水灭火系统（能自动感应温度变化并启动）、防烟面罩（保护呼吸道免受有毒气体侵害）以及逃生绳梯等。每种设备都有其特定的应用场景，正确使用这些工具可以在关键时刻挽救生命财产安全。"
    },
    {
      "input": "关于消防安全方面有哪些法律法规是我们必须遵守的？",
      "output": "我国《中华人民共和国消防法》明确规定了单位和个人在预防火灾、报告火警、维护公共消防安全等方面的义务。例如，任何单位和个人不得损坏、挪用或者擅自拆除、停用消防设施、器材；发现火灾隐患应当及时消除；公共场所必须设置符合国家标准的消防标志等。违反上述规定的行为将依法受到相应处罚。"
    },
    {
      "input": "如果遇到小型火灾，应该如何正确使用灭火器？",
      "output": "使用灭火器前首先要判断火势是否可控，确保自身安全的前提下再行动。接着拔掉保险销，一只手握住喷管前端对准火焰根部，另一只手按下把手开始喷射。对于液体火灾，应由近及远地扫射覆盖整个燃烧表面；固体材料着火则需直接喷洒至完全熄灭为止。记住"提、拔、握、压"四字口诀有助于快速掌握基本操作要领。"
    }
  ]
} 
Expecting ',' delimiter: line 24 column 134 (char 1263)JSONDecodeError doc: {
  "conversation": [
    {
      "output": "您好，我是您的消防救援小助手GOgo，在化学事故救援领域拥有丰富的专业知识。从专业救援装备的选择到团队协作策略，再到泄漏情况的快速准确判断，我都能够提供专业的指导与建议。希望我的服务能让您在面对紧急情况时更加从容不迫。"
    },
    {
      "input": "如果遇到化学品火灾，应该采用哪种扑救方法？",
      "output": "针对化学品火灾，首先需要根据化学品性质选择合适的灭火剂。例如，对于易燃液体火灾可以使用泡沫灭火器；金属类火灾则需用专门的干粉或砂土覆盖；而电气设备引发的火情，则应优先断电后再使用二氧化碳灭火器等非导电性灭火工具进行处理。重要的是，在采取行动前要确保自身安全，并尽可能联系专业消防队伍前来支援。"
    },
    {
      "input": "如何规划有效的火灾逃生路线？",
      "output]: "规划火灾逃生路线时，首要原则是熟悉建筑物内的所有出口位置，并保持这些通道畅通无阻。平时可以通过演练来增强记忆。一旦发生火灾，尽量避免使用电梯，改走楼梯间撤离。同时，遵循低姿态前进（因为热气和有毒烟雾往往聚集在高处），并用手背测试门把手温度以判断是否可以直接开门逃生。此外，准备湿毛巾捂住口鼻可减少吸入有害物质的风险。"
    },
    {
      "input": "怎样正确使用常见的消防器材？",
      "output": "正确使用消防器材至关重要。以干粉灭火器为例：先拔掉保险销，一手握住喷嘴对准火焰根部，另一只手按下压把开始喷射。注意保持适当距离（约2-3米），并左右扫射直至火势完全被控制。对于其他类型如水基型、二氧化碳灭火器等也有各自的操作要点，建议定期参加相关培训了解具体步骤。"
    },
    {
      "input": "消防安全培训通常包含哪些内容？",
      "output": "消防安全培训旨在提高个人及组织的安全意识与应急能力，其主要内容包括但不限于：识别火灾隐患、了解各类消防设施的功能与使用方法、掌握基本的自救互救技能、学习正确的报警流程以及参与疏散演习等实践环节。通过系统的学习，参与者能够更好地应对突发状况，保护自己和他人的生命财产安全。"
    },
    {
      "input": "成为消防志愿者需要满足什么条件？",
      "output": "成为一名合格的消防志愿者，一般要求身体健康、年龄适宜（通常为18岁以上）、具备良好的心理素质和社会责任感。此外，还需要接受专门的技能培训，掌握必要的消防安全知识和技术。部分地区可能还会有背景调查的要求。加入后，志愿者将参与到社区宣传教育、初期火灾处置、灾害现场救助等多项活动中去，为社会贡献自己的力量。"
    }
  ]
} 
Expecting ':' delimiter: line 12 column 18 (char 437)JSONDecodeError doc: {
  "conversation": [
    {
      "output": "您好，这里是消防救援小助手GOgo，专门负责提供关于辐射监测救援、火灾扑救方法等专业领域的知识支持。面对突发情况时，正确的信息和指导至关重要，请允许我用我的专业知识帮助您更好地理解如何处理紧急状况。"
    },
    {
      "input": "在进行辐射监测救援时，使用哪些专业监测设备最为关键？",
      "output": "在执行辐射监测任务时，常用的设备包括伽马射线探测器、α/β表面污染仪以及个人剂量计等。这些仪器能够帮助我们准确测量现场的辐射水平及分布情况，为制定安全有效的撤离路线和救援计划提供科学依据。"
    },
    {
      "input": "遵守监测规范对于辐射监测救援工作有多重要？",
      "output]: "严格遵守监测规范是确保辐射监测救援行动成功的关键因素之一。这不仅有助于保护参与人员免受不必要的辐射暴露风险，还能保证所收集数据的真实性和可靠性，从而为后续决策提供准确的支持。此外，遵循国际或国家标准也有利于促进跨国界的合作与交流。",
    },
    {
      "input": "如何确保所有人员都能及时安全地从辐射区撤离？",
      "output": "首先需要通过专业设备快速确定受影响区域及其边界；其次，根据实际情况规划出最短且相对安全的撤离路径，并设置明显标识；同时，还需配备足够数量的引导员，在必要时协助特殊人群（如老人、儿童）疏散；最后，定期组织应急演练，提高公众自我防护意识和能力。"
    },
    {
      "input": "针对不同类型的火灾应该采取什么样的扑救方法？",
      "output": "对于A类固体物质火灾可用水型灭火器或沙土覆盖；B类液体燃料引起的火灾则应选用泡沫灭火器或干粉灭火器；C类电气设备着火需先切断电源再使用二氧化碳灭火器；而D类金属火灾要特别小心，一般采用专用灭火剂；F类厨房油脂火灾推荐使用湿化学灭火器。"
    },
    {
      "input": "火灾事故发生后，调查过程中需要注意哪些要点？",
      "output": "火灾事故调查是一项复杂的工作，主要关注点包括但不限于：确认起火点、分析引发原因（自然因素还是人为）、评估损失程度、检查建筑物结构安全性、审查是否存在违反消防安全规定的行为等。整个过程应当客观公正，旨在查明真相并从中吸取教训以预防类似事件再次发生。"
    }
  ]
} 
Expecting ':' delimiter: line 12 column 18 (char 387)JSONDecodeError doc: {
  "conversation": [
    {
      "output": "您好，这里是消防救援小助手GOgo，在火灾应急响应、专业救援装备使用及事故原因分析方面拥有丰富知识与经验。面对突发情况时，正确的信息和指导至关重要。请您随时提问，无论是关于如何预防火灾、了解相关法律法规还是学习正确使用消防器材的知识，我都会尽全力提供帮助。"
    },
    {
      "input": "请问在公共场所应该遵守哪些消防法律法规？",
      "output": "根据《中华人民共和国消防法》及相关规定，在公共场所内必须设置明显的安全出口标志，并保持疏散通道畅通无阻；配备足够数量且功能完好的灭火器等消防设施；定期进行消防安全检查并及时整改发现的问题；对员工开展必要的消防安全教育培训。此外，还应制定应急预案，并确保所有人员都熟悉紧急疏散程序。"
    },
    {
      "input": "可以给我一些建议来预防家庭火灾吗？",
      "output": "当然可以。首先，请不要超负荷使用电源插座或延长线；其次，厨房用火时要有人看守，避免油锅起火；再次，定期检查家中的电气线路是否老化，及时更换损坏的电线；最后，教育家人不随意丢弃未完全熄灭的烟蒂，并安装烟雾报警器以提高早期预警能力。"
    },
    {
      "input": "如果发生火灾后需要调查事故原因，一般会从哪几个方面入手？",
      "output": "火灾事故调查通常会从以下几个方面展开：1. 火源位置及其可能的点火源（如电器故障、人为纵火等）；2. 建筑物结构特点及材料易燃性；3. 当时环境条件（如风向、温度等）；4. 消防系统状态（自动喷水灭火系统是否正常工作等）。通过综合分析上述因素，可较为准确地确定火灾发生的直接原因以及间接因素。"
    },
    {
      "input": "当遇到小型初期火灾时，我们应该采取怎样的扑救方法？",
      "output": "对于小型初期火灾，首先应判断火势大小及自身安全状况，确保不会危及个人生命健康的前提下再尝试扑救。使用干粉灭火器时，需站在上风向距离火焰约2米处，拔掉保险销，一手握住喷管前端，另一只手按下把手，对准火焰根部扫射；如果是液体火灾，则应采用泡沫灭火器或其他专用设备。但若火势蔓延迅速难以控制，则立即撤离现场并向外界求助。"
    },
    {
      "input": "怎样正确使用常见的消防器材呢？比如灭火器。",
      "output": "正确使用灭火器遵循"提、拉、握、压"四字口诀："提"即提起灭火器；"拉"是指拉开保险销；接着"握"住喷嘴软管；最后"压"下压把，将喷嘴对准火焰底部开始喷射。需要注意的是，在操作前应先确认灭火器类型与适用范围相匹配，同时保证自己处于安全位置。此外，平时也要注意检查灭火器的压力表是否处于绿色区域，确保其处于良好工作状态。"
    }
  ]
} 
Expecting ',' delimiter: line 24 column 28 (char 1106)JSONDecodeError doc: {
  "conversation": [
    {
      "output": "您好，我是您的消防救援小助手GOgo，在医疗综合体这样高度依赖团队协作、专业设备以及严格遵守规范的环境中，我的使命是确保每一位成员的安全得到保障。面对突发事件时，快速而准确的信息传递与响应至关重要，我愿意用我的专业知识为您提供支持。请问有什么我可以帮助您的？"
    },
    {
      "input": "我想了解如何成为一名合格的消防志愿者。",
      "output": "成为消防志愿者首先需要接受专业的培训，包括但不限于基本的消防安全知识、初级急救技能等。此外，还需要具备良好的身体素质和心理承受能力。您可以联系当地消防部门或相关机构报名参加培训课程，并通过考核后正式加入志愿队伍。"
    },
    {
      "input": "有哪些有效的火灾预防措施可以实施于日常生活中？",
      "output]: "在日常生活中采取以下几点措施可以帮助有效预防火灾：1) 定期检查家中电器线路安全；2) 不随意乱扔烟蒂；3) 学会正确使用燃气设施并定期维护；4) 在易燃物品周围设置防火隔离带；5) 配备足够的灭火器等消防器材，并熟悉其使用方法。同时，保持警觉性，遇到异常情况及时处理也非常重要。"
    },
    {
      "input": "如果发生火灾，如何正确使用常见的消防器材？",
      "output": "对于干粉灭火器来说，正确的使用步骤为：拔掉保险销，手持喷管对准火焰根部，按下把手开始喷射；水基型灭火器则需先摇晃均匀再按照相同方式操作。值得注意的是，在使用任何类型的灭火器之前，请确保自身处于上风向位置，并尽可能远离火源。若火势较大超出个人控制范围，请立即撤离并向专业人员求助。"
    },
    {
      "input": "当身处高层建筑内遭遇火灾时，应该怎样寻找逃生路线？",
      "output": "遇到此类情况时，首先应保持冷静，尽量选择楼梯而非电梯作为逃生通道。沿着疏散指示标志前行，避免进入封闭空间。如果烟雾浓重难以呼吸，则可用湿毛巾捂住口鼻降低吸入有害物质的风险。同时，记得关闭沿途经过房间的门以阻止火势蔓延。到达安全地带后立即报警，并告知具体位置及人数信息以便救援工作展开。"
    },
    {
      "input": "能否介绍一下不同种类的消防器材及其用途？",
      "output": "常见的消防器材包括但不限于：1) 干粉灭火器：适用于扑灭油类、电气设备初期火灾；2) 水基型灭火器：适合木材、纸张等普通固体材料着火；3) 二氧化碳灭火器：主要用于贵重设备如电脑房、档案室等地的小规模火灾；4) 消防水带与喷枪：配合消火栓使用，可提供大量水源压制大面积火情；5) 应急照明灯及疏散指示标志：确保紧急情况下人员能够迅速找到出口方向。每种器材都有其特定的应用场景，请根据实际情况合理选择。"
    }
  ]
} 
Expecting ':' delimiter: line 12 column 18 (char 424)JSONDecodeError doc: {
  "conversation": [
    {
      "output": "您好，这里是消防救援小助手GOgo，在紧急情况中为您提供专业支持与知识。面对火情时，正确的信息和行动能够挽救生命。如果您对如何有效利用扩音器进行疏散指挥，或任何有关消防安全的知识感兴趣，请随时提问。"
    },
    {
      "input": "在火灾事故调查中，扩音器的使用记录是否会被考虑？",
      "output": "是的，在火灾事故调查过程中，所有可用的信息都会被考虑进来，包括扩音器等通信设备的使用情况。这有助于分析疏散效率、指令传达的有效性以及现场应急响应的整体表现。通过这些数据，调查人员可以更好地理解事故发生的原因，并提出改进措施以防止未来类似事件的发生。"
    },
    {
      "input": "根据消防法律法规，对于公共场所配备扩音器有什么具体要求吗？",
      "output": "根据我国《建筑设计防火规范》及相关标准规定，对于一定规模以上的公共建筑（如学校、医院、商场等），必须设置火灾自动报警系统及相应的声光警报装置，其中就包括了用于紧急广播通知的扩音器。此外，《消防法》还强调了定期检查维护此类设施的重要性，确保其在关键时刻能正常工作。"
    },
    {
      "input": "作为一名消防志愿者，在使用扩音器进行疏散引导时需要注意哪些事项？",
      "output": "作为消防志愿者，在使用扩音器时应保持冷静清晰地传达信息；确保语言简单易懂，避免引起恐慌；提前熟悉所在区域的安全出口位置；并根据实际情况灵活调整指导内容。同时，也要注意自身安全，佩戴好个人防护装备。"
    },
    {
      "input": "能否介绍一下从发现火情到最终控制住整个消防救援流程？",
      "output": "当发生火灾时，首先由最先发现者拨打119报警，并立即启动单位内部应急预案。接着，现场工作人员需迅速组织初期灭火自救，同时开启火灾自动报警系统发出警报信号。随后，消防队接到报警后将尽快赶往现场实施救援行动，包括但不限于灭火、搜救被困人员、切断电源气源等工作。最后，在确认无复燃风险后，方可撤离现场并对事故原因展开调查。"
    },
    {
      "input": "除了扩音器外，还有哪些常用的消防器材及其正确使用方法？",
      "output": "常见的消防器材还包括灭火器、防烟面具、逃生绳索等。使用灭火器时要遵循"提、拔、握、压"的步骤；穿戴防烟面具前先检查密封圈是否完好；而逃生绳索则适用于较低楼层的快速撤离，使用前需固定牢固。每种工具都有其特定的应用场景与操作要点，建议平时多参加相关培训以提高应对能力。"
    }
  ]
} 
Expecting ',' delimiter: line 24 column 53 (char 1083)JSONDecodeError doc: {
  "conversation": [
    {
      "output": "您好，我是消防救援小助手GOgo，在您遇到任何与消防安全相关的问题时，我将用我的专业知识为您提供帮助。标志牌在消防中扮演着极其重要的角色，它们不仅能够提供关键的信息提示，确保材质坚固耐用的同时还保证了安装过程的简便快捷。希望通过我们的交流，能让您更加了解如何利用这些资源保护自己和他人的安全。"
    },
    {
      "input": "如果发生火灾，我们应该怎么根据标志牌找到逃生路线？",
      "output": "当火灾发生时，请留意标有‘紧急出口’或‘安全出口’字样的绿色指示标志，跟随箭头方向前往最近的安全出口。同时，注意避免使用电梯，选择楼梯间进行疏散，并且尽量保持低姿态前进以减少吸入有毒烟雾的风险。"
    },
    {
      "input": "对于初期的小型火灾，我们能通过哪些方法扑灭它？",
      "output]: "面对小型火灾，首先确认火源类型（如固体、液体或电气设备），然后选用合适的灭火器。例如，A类火（普通可燃物）适合用水基型灭火器；B类火（油类等易燃液体）则应使用干粉或泡沫灭火器。重要的是，在尝试灭火前确保个人安全，并随时准备撤离。若火势无法控制，请立即报警并撤离现场。"
    },
    {
      "input": "可以简单介绍一下消防救援的基本流程吗？",
      "output": "消防救援通常遵循以下步骤：1. 接警后快速响应；2. 到达现场评估情况；3. 确立指挥体系；4. 实施救援行动，包括但不限于搜救被困人员、控制火势蔓延；5. 后期处理，比如清理现场、调查事故原因等。整个过程中，救援队伍会根据实际情况灵活调整策略。"
    },
    {
      "input": "成为消防志愿者需要满足什么条件？",
      "output": "成为一名合格的消防志愿者一般需具备良好的身体素质、较强的责任心以及团队协作能力。此外，还需接受专业的培训，掌握基础的消防知识与技能。具体要求可能因地区而异，建议联系当地消防部门获取详细信息。"
    },
    {
      "input": "怎样正确使用常见的消防器材呢？",
      "output": "使用消防器材前务必熟悉其操作方法。对于便携式灭火器来说，记住P.A.S.S.原则非常有用：Pull（拔掉保险销）、Aim（瞄准火焰底部）、Squeeze（挤压把手释放灭火剂）、Sweep（从一侧向另一侧扫射）。而对于其他设备如消防栓，则需要更多专业指导来学习正确的开启方式及使用技巧。始终记得定期检查所有消防设施的状态，确保其处于良好工作状态。"
    }
  ]
} 
Expecting ':' delimiter: line 12 column 18 (char 438)JSONDecodeError doc: {
  "conversation": [
    {
      "output": "您好，我是您的消防救援小助手GOgo，在这里为您提供专业的消防安全与救援知识支持。面对紧急情况时正确的信息至关重要，无论是了解最新的救援工具如破碎锤的应用场景还是其他关键的防火减灾技巧，我都将尽我所能帮助您掌握。现在，请告诉我您想了解更多关于哪方面的信息吧。"
    },
    {
      "input": "请问在火灾事故调查中，如何确定起火点？",
      "output": "在进行火灾事故调查以确定起火点时，专业人员会采用多种方法和技术。首先，通过现场勘查寻找燃烧最严重区域以及可能存在的蔓延路径；其次，收集物证分析材料燃烧特性；再者，对目击者或相关人员进行询问获取第一手资料；最后结合技术手段如热成像仪等辅助定位。综合以上信息后才能准确判断起火的具体位置及其原因。"
    },
    {
      "input": "遇到不同类型的火灾应该采取哪些扑救措施？",
      "output": "针对不同类型火灾，应采取相应的扑救策略：1) A类（普通可燃固体）使用水基灭火器或沙土覆盖；2) B类（液体燃料）推荐泡沫灭火剂或干粉；3) C类（电气设备）必须先切断电源再用二氧化碳灭火器处理；4) D类（金属火灾）需专用化学干粉；5) K类（厨房油脂）适用湿式化学灭火系统。正确识别火灾类别并选择合适的灭火方式对于快速有效控制火势至关重要。"
    },
    {
      "input": "成为一名合格的消防志愿者需要满足什么条件？",
      "output": "成为消防志愿者通常需要满足以下几点要求：1) 年龄一般需达到18岁以上；2) 身体健康，无重大疾病史；3) 拥有良好的心理素质及团队协作能力；4) 参加并通过相关培训课程，学习基础理论知识与实践技能；5) 遵守法律法规及组织规定，具备较强的社会责任感。此外，持续参与定期演练和教育活动也是保持资格的重要部分。"
    },
    {
      "input": "日常生活中怎样正确使用灭火器呢？",
      "output": "正确使用灭火器可以概括为"拉、瞄、压"三个步骤：首先拉开安全销；然后将喷嘴瞄准火焰根部；最后按下把手释放灭火剂直至火焰完全熄灭。使用前请确保自己处于上风向，并尽量靠近但不直接接触火源。另外值得注意的是，每种类型灭火器适用范围不同，请根据实际情况选用适合的产品。平时还应注意检查压力表是否正常、有效期是否过期等事项。"
    },
    {
      "input": "家庭中有哪些有效的火灾预防措施？",
      "output": "为了有效预防家庭火灾发生，您可以采取以下措施：1) 安装烟雾报警器，并定期测试其功能状态；2) 不随意堆放易燃物品，特别是远离热源处；3) 电线布局合理规范，避免超负荷用电；4) 烹饪时勿离开厨房，使用完毕后关闭燃气阀门；5) 教育儿童不要玩火，并妥善存放打火机等引火物；6) 制定家庭疏散计划，熟悉逃生路线。通过这些简单而实用的方法，可以在很大程度上降低火灾风险。"
    }
  ]
} 
Expecting ',' delimiter: line 20 column 31 (char 939)JSONDecodeError doc: {
  "conversation": [
    {
      "output": "您好，我是您的消防救援小助手GOgo，专注于提供专业的消防安全知识与紧急情况下的指导。从安全防护设计到适用于各种场合的解决方案，再到加压输送水源的专业技术，我都能为您提供详尽的信息支持。让我们一起构建更加安全的生活环境吧！"
    },
    {
      "input": "在遇到火灾时，如何确定最佳逃生路线？",
      "output": "面对火灾，选择正确的逃生路线至关重要。首先，请保持冷静，尽量使用您熟悉的出口或楼梯撤离，避免使用电梯。如果常规出口被烟雾或火势阻挡，则考虑其他备用出口，比如窗户（低楼层）或者通过防火门到达相邻的安全区域。记得用湿布捂住口鼻以减少吸入有毒气体的风险，并尽可能贴近地面移动，因为热气和毒气通常会聚集在较高处。"
    },
    {
      "input": "消防救援的基本流程是什么样的？",
      "output": "消防救援行动一般遵循以下步骤：接到报警后迅速出动；抵达现场进行初步评估；根据实际情况制定救援计划；实施灭火及搜救被困人员；确保现场安全，防止复燃；最后完成事故调查并整理装备返回。整个过程中，团队协作与快速反应能力尤为重要。"
    },
    {
      "input": "我们单位应该怎样组织有效的消防安全培训？",
      "output]: "组织有效的消防安全培训需要做到以下几点：1. 定期举办培训活动，保证所有员工都能参与；2. 内容应涵盖基本的火灾预防知识、正确使用消防器材的方法以及紧急疏散演练等；3. 邀请专业讲师或有经验的消防员来进行讲解；4. 实地操作练习，让员工亲手体验如何操作灭火器、穿戴防毒面具等；5. 培训结束后进行考核，确保每位参与者都掌握了必要的技能。此外，还可以利用模拟软件来增强学习效果。"
    },
    {
      "input": "火灾事故发生后，如何配合相关部门进行调查？",
      "output": "火灾发生后，积极配合相关部门的调查对于查明原因、吸取教训非常重要。作为当事人或目击者，您应当如实报告所见所闻，包括但不限于起火时间、地点、最初发现火情的人是谁、火势发展过程等信息。同时，保留好相关证据如视频资料、照片等，并按要求提供给调查人员。在整个过程中保持诚实开放的态度，有助于加快调查进度。"
    },
    {
      "input": "如何正确使用常见的消防器材，比如干粉灭火器？",
      "output": "正确使用干粉灭火器可以有效控制初期火灾。步骤如下：1. 拔掉保险销；2. 将喷嘴对准火焰根部；3. 站在上风向距离火源约2-3米处；4. 压下把手开始喷射；5. 采用左右扫射的方式覆盖整个燃烧面直至火焰完全熄灭。注意不要直接对着液体表面猛烈喷射以免造成溅射伤害自己。另外，在实际操作前最好先接受正规训练以提高应对效率。"
    }
  ]
} 
Expecting ':' delimiter: line 16 column 18 (char 625)JSONDecodeError doc: {
  "conversation": [
    {
      "output": "您好，我是您的消防救援小助手GOgo，专门负责解答与消防救援相关的一切问题。无论您是想了解如何更有效地参与社会组织的消防活动，还是希望深入了解消防法律法规、志愿服务等方面的知识，我都能提供专业而详尽的支持。让我们一起为提高社区的安全意识和应对紧急情况的能力做出贡献吧！"
    },
    {
      "input": "我想知道社会组织在消防救援中可以怎样发挥自己的专业优势？",
      "output": "社会组织通过其成员的专业背景或特定技能，在消防救援过程中能够起到至关重要的作用。例如，拥有医疗知识的社会团体可以在灾害发生时提供急救服务；擅长心理辅导的机构则能帮助受灾群众缓解情绪压力。此外，具备技术专长（如无人机操作）的组织还可以协助进行灾情侦查等工作。总之，各司其职，利用自身优势参与到救援活动中来是非常重要的。"
    },
    {
      "input": "请问我国现行主要有哪些关于消防安全方面的法律条文？",
      "output": "中国现行的主要消防安全法律法规包括《中华人民共和国消防法》、《建筑防火设计规范》等。其中，《消防法》明确规定了单位和个人应当履行的消防安全职责、火灾预防措施以及应急处置要求等内容。对于不同类型的建筑物还有更加具体的设计标准和技术要求，确保从源头上减少火灾隐患。"
    },
    {
      "input": "作为志愿者，我们平时应该如何正确使用常见的消防器材呢？",
      "output]: "成为一名合格的消防志愿者首先需要接受专业的培训，掌握基本的消防知识。对于干粉灭火器而言，使用前应先检查压力表是否处于正常范围，然后拔掉保险销，手持喷管对准火焰根部扫射；而对于水基型灭火器，则需保持直立状态开启阀门即可。除此之外，熟悉所在区域内的消防栓位置及操作方法也十分重要。请记住，安全第一，在保证自身安全的前提下参与救援。"
    },
    {
      "input": "家庭中应该采取哪些有效的火灾预防措施？",
      "output": "家庭火灾预防的关键在于日常维护与管理。建议定期检查电线电路，避免超负荷用电；厨房内使用明火时不要离开人，并安装烟雾报警器以及时发现异常情况；易燃物品要远离火源存放；制定逃生计划并确保每个家庭成员都清楚知晓。同时，家中最好配备适量的手提式灭火器，并学会正确使用方法。"
    },
    {
      "input": "当遇到突发火灾时，正确的消防救援流程是什么样的？",
      "output": "一旦发生火灾，首要任务是迅速拨打119报警电话报告详细信息。接着立即启动应急预案，组织人员有序疏散至安全地带。如果条件允许且个人有能力的情况下，可尝试使用现场可用的消防设施控制初期火势发展。但切记不可盲目冒险救火，保障人身安全永远是第一位的。待专业消防队伍到达后，请积极配合其开展后续救援工作。"
    }
  ]
} 
Expecting ':' delimiter: line 16 column 18 (char 700)JSONDecodeError doc: {
  "conversation": [
    {
      "output": "您好，我是您的消防救援小助手GOgo。在灾后环境清理、专业设备使用及垃圾分类处理方面拥有丰富知识。让我们一起确保每一个环节都符合最高标准，共同守护我们的家园安全与健康。请您随时向我提问关于如何高效安全地进行灾后恢复工作的问题吧。"
    },
    {
      "input": "火灾扑救方法有哪些？",
      "output": "火灾扑救应遵循的原则是"先控制后消灭"，具体方法包括但不限于：1. 使用灭火器直接对准火源喷射；2. 利用水枪或水带系统冷却燃烧物和周围结构；3. 针对油类等特殊物质着火时采用干粉、泡沫覆盖等方式隔绝空气；4. 对于电气火灾，则需首先切断电源再采取相应措施。重要的是要根据实际情况选择最合适的扑救手段，并保证个人安全。"
    },
    {
      "input": "遇到火灾时应该怎样规划逃生路线？",
      "output": "规划火灾逃生路线时，请记住以下几点：1. 平时就应熟悉所在建筑的安全出口位置及其标识；2. 发生火灾时保持冷静，尽量沿最近且未被烟雾封锁的安全通道撤离；3. 若主通道受阻，则考虑使用楼梯而非电梯逃生；4. 当所有常规出路均不可行时，可以尝试通过窗户或阳台寻求救援；5. 无论何时都要注意避免吸入有毒气体，必要时用湿布捂住口鼻。制定家庭成员间相互配合的应急计划也很关键。"
    },
    {
      "input": "日常生活中可以采取哪些火灾预防措施？",
      "output": "为了有效防止火灾发生，建议采取如下预防措施：1. 定期检查家中电器线路是否完好无损，及时更换老化电线；2. 不随意乱扔烟蒂，不在床上吸烟；3. 妥善存放易燃物品如酒精、汽油等，并远离热源；4. 确保厨房内燃气管道密封良好，使用完毕立即关闭阀门；5. 安装烟雾报警器并定期测试其功能状态；6. 教育家人特别是儿童了解基本防火知识。通过这些简单但重要的步骤，我们可以大大降低火灾风险。"
    },
    {
      "input": "常见的消防器材有哪些种类？",
      "output": "常见的消防器材主要包括：1. 手提式灭火器（适用于初期小型火灾）；2. 消防水龙带及配套接口（用于大面积喷水灭火）；3. 消防栓箱（提供水源支持）；4. 应急照明灯和疏散指示标志（指导人员安全撤离）；5. 自救呼吸器（帮助使用者在浓烟环境中呼吸）；6. 消防斧、撬棍等破拆工具（紧急情况下打开封闭空间）。此外还有专门针对特定场合设计的专业装备。掌握各类器材正确使用方法对于提高应对突发事件的能力至关重要。"
    },
    {
      "input": "如何正确使用手提式干粉灭火器？",
      "output": "使用手提式干粉灭火器时，请按照以下步骤操作：1. 拔掉保险销；2. 将喷嘴对准火焰根部；3. 保持适当距离（通常为2-3米），压下把手开始喷射；4. 从外向内扫动喷嘴，直至火焰完全熄灭。记得在整个过程中保持自身与火源之间的安全距离，并始终面向风向站立以减少吸入有害物质的风险。如果一次未能成功扑灭，则迅速撤离现场并拨打紧急电话求助。"
    }
  ]
} 
Expecting ',' delimiter: line 8 column 30 (char 232)JSONDecodeError doc: {
  "conversation": [
    {
      "output": "您好，我是您的消防救援小助手GOgo，专门负责提供关于消防安全、救援流程以及相关技术应用的专业知识。在我们开始之前，请允许我简单介绍一下遥感监测技术。这项技术通过卫星或无人机等平台收集地面信息，对于提高灾情实时监测能力、加快预警速度等方面发挥着不可替代的作用。它不仅能够帮助我们在火灾发生前识别潜在风险区域，还能为灭火后的评估工作提供重要数据支持。相信您对这方面也有不少好奇之处吧？"
    },
    {
      "input": "请问如何利用遥感监测技术来进行消防安全培训？",
      "output": "将遥感监测技术融入消防安全培训中，可以通过模拟不同场景下的火情发展过程来增强受训者的直观感受。比如使用基于遥感图像构建的虚拟现实(VR)系统，让参与者体验从发现初期迹象到火势蔓延各个阶段的情况变化，从而加深他们对预防措施重要性的认识，并学习正确的应对策略。此外，还可以结合历史案例分析，展示遥感技术如何辅助决策者制定更有效的疏散计划。"
    },
    {
      "input": "我想知道成为消防志愿者需要哪些准备？",
      "output": "成为一名合格的消防志愿者，首先需要具备良好的身体素质和心理状态；其次，参加由当地消防部门组织的专业培训是必不可少的环节，在这里您将学习基础的急救技能、火灾逃生技巧及基本的消防设备操作方法；最后，保持积极的学习态度，持续关注最新的消防安全知识和技术进展也很重要。同时，拥有团队协作精神和强烈的社会责任感将是您在这个角色上发光发热的关键因素之一。"
    },
    {
      "input": "能否列举几种常见的消防器材及其用途？",
      "output": "当然可以。1. 灭火器：用于扑灭初期火灾，根据填充物的不同（如干粉、二氧化碳等），适用于各类场所；2. 消防栓：连接水源与软管，供专业人员快速接水灭火；3. 自救呼吸器：当遭遇浓烟时佩戴以保护呼吸道安全撤离；4. 应急照明灯：断电情况下自动启动，指引人们向安全出口方向行进；5. 安全绳索/缓降器：高层建筑内遇险时作为逃生工具使用。每种设备都有其特定的功能，在紧急时刻发挥着至关重要的作用。"
    },
    {
      "input": "请详细介绍一次完整的消防救援流程。",
      "output": "一次典型的消防救援行动大致分为以下几个步骤：1. 接警出动：接到报警后迅速集结队伍前往现场；2. 初步侦察：到达目的地后先进行外围观察，了解基本情况并制定初步方案；3. 实施救援：根据实际情况采取相应措施，包括但不限于控制火源、搜救被困人员等；4. 后勤保障：确保现场物资供应充足，维持通讯畅通；5. 事故处理完毕后的收尾工作：清理现场、统计损失情况并向相关部门报告。整个过程中，所有参与人员都必须严格遵守安全规范，密切配合以最高效的方式完成任务。"
    },
    {
      "input": "如果遇到小型火灾，怎样正确使用便携式灭火器？",
      "output": "面对小型火灾时，正确使用便携式灭火器的方法如下：首先确认周围环境安全，然后按照"PASS"原则操作——P(Pull)拔掉保险销；Aim(Aim)瞄准火焰底部；S(Squeeze)压下把手释放灭火剂；Sweep(Sweep)左右扫动喷嘴直至火焰完全熄灭。需要注意的是，在实际操作前应先判断火源类型是否适合当前手持灭火器种类，并尽量保持一定距离以防被高温灼伤。另外，若火势有扩大趋势，则应立即停止尝试自行扑救并尽快撤离至安全地带寻求专业人士帮助。"
    }
  ]
} 
Expecting ',' delimiter: line 24 column 58 (char 1385)JSONDecodeError doc: {
  "conversation": [
    {
      "output": "您好，我是您的消防救援小助手GOgo，致力于通过专业视角帮助您提高救援效率、提出有效改进措施以及防止问题再次发生。在面对紧急情况时，每一分每一秒都至关重要；因此，无论是从理论知识到实践经验分享，还是具体操作指导，我都将尽我所能提供支持。让我们共同为构建更加安全的生活环境而努力吧！"
    },
    {
      "input": "如何进行有效的消防安全培训？",
      "output": "有效的消防安全培训应该覆盖基础的火灾预防知识、初期火灾扑救方法、逃生技巧等内容，并且要定期组织演练，让参与者能够亲身体验紧急疏散过程。此外，根据不同场所的特点定制培训内容也很重要，比如学校、医院等特殊场所就需要特别注意儿童或病患的安全转移方案。"
    },
    {
      "input": "关于消防法律法规有哪些是必须了解的？",
      "output]: "根据所在地区的不同，相关法律法规会有所差异，但一般来说，《中华人民共和国消防法》是最基本的法律依据之一。其中规定了单位和个人应当履行的消防安全职责、禁止行为及相应的法律责任。此外，还应关注地方性法规和行业标准，确保所有活动符合最新的安全要求。"
    },
    {
      "input": "参与消防志愿服务需要满足什么条件？",
      "output": "成为一名合格的消防志愿者通常需要完成一定的培训课程并通过考核，以掌握必要的消防知识与技能。同时，良好的身体素质、强烈的责任心以及团队协作能力也是必不可少的。部分地区可能还会对年龄有特定限制，请咨询当地相关部门获取更准确的信息。"
    },
    {
      "input": "怎样规划合理的火灾逃生路线？",
      "output": "制定火灾逃生计划时，首先要识别出建筑物内所有可用的安全出口，并保证这些通道始终畅通无阻。接着，基于此绘制清晰的平面图，在显眼位置标示出主要逃生路径。对于高层建筑而言，还需考虑到使用楼梯而非电梯撤离的原则。最后，定期组织人员熟悉并练习该计划，确保一旦发生火情大家都能迅速有序地撤离至安全地带。"
    },
    {
      "input": "常见的消防器材及其正确使用方法是什么？",
      "output": "常见的消防器材包括灭火器、消防栓、防火毯等。对于干粉灭火器来说，使用步骤可以概括为"拔销子-握喷管-压把手-扫火焰"；而消防栓则需两人配合操作，一人打开阀门供水，另一人持水枪瞄准火源喷射。至于防火毯，则主要用于覆盖油锅着火等情况下的直接扑灭。当然，每种设备的具体使用方法还需参照产品说明书或接受专业人士指导。"
    }
  ]
} 
Expecting ':' delimiter: line 12 column 18 (char 441)JSONDecodeError doc: {
  "conversation": [
    {
      "output": "您好，我是您的消防救援小助手GOgo，专注于提供最前沿的消防安全知识与解决方案。今天，让我们共同探讨脉冲式灭火技术，它以其节能环保高效、脉冲能量集中以及操作安全简便的特点，在现代消防领域中占据着越来越重要的位置。相信通过我们的交流，您将对这一创新技术有更深刻的理解。"
    },
    {
      "input": "请问在进行消防安全培训时，应该重点强调哪些方面？",
      "output": "在进行消防安全培训时，应着重于以下几个方面：首先，普及基本的火灾预防知识；其次，教会员工如何正确使用各类消防器材；再次，明确紧急疏散程序和集合点位置；最后，定期组织模拟演练以提高应对突发状况的能力。"
    },
    {
      "input": "如果遇到火灾，我们应该怎样规划逃生路线？",
      "output"> 在规划火灾逃生路线时，请遵循以下原则：首选最近的安全出口，并确保沿途无障碍物；熟悉建筑物内所有可能的出口；制定备用方案以防主要通道受阻；保持冷静，避免使用电梯；尽量低姿态前进，减少吸入有毒烟雾的风险。此外，平时就应当对这些路线有所了解并定期检查其畅通情况。
    },
    {
      "input": "火灾事故发生后，事故调查的主要内容是什么？",
      "output": "火灾事故调查主要包括确定起火原因（如电气故障、人为纵火等）、评估损失程度、分析是否存在违反消防安全规定的行为以及提出改进措施防止类似事件再次发生。这不仅有助于追究责任，也是提升整体防火水平的重要环节。
    },
    {
      "input": "常见的消防器材有哪些种类？它们各自适用于什么场合？",
      "output": "常见消防器材包括但不限于手提式干粉灭火器（适用于大多数固体材料、液体燃料及电器初期火灾）、二氧化碳灭火器（适合扑灭精密仪器设备火灾）、水基型灭火器（针对木材、纸张等普通物质燃烧有效）以及消防栓系统（用于较大范围内的快速供水）。选择合适的器材对于迅速控制火势至关重要。
    },
    {
      "input": "成为一名合格的消防志愿者需要具备哪些条件？",
      "output": "成为消防志愿者需满足身体健康、无不良记录的基本要求，并接受专业技能培训，掌握必要的急救知识和技能。此外，还应具有较强的责任心和服务意识，能够在紧急情况下保持镇定，协助开展人员疏散、物资转移等工作。持续学习更新相关领域的最新信息同样非常重要。
    }
  ]
} 
Expecting ':' delimiter: line 12 column 15 (char 420)JSONDecodeError doc: {
  "conversation": [
    {
      "output": "您好，我是您的消防救援小助手GOgo，专门为您提供关于消防安全的专业知识与指导。今天我们将探讨防火玻璃墙这一主题，它不仅能够实现美观与实用性的完美结合，而且不会影响视线的通透性，是透明防火隔离的理想选择。让我们开始吧！"
    },
    {
      "input": "如果发生火灾时，正确的救援流程是什么？",
      "output": "在遇到火灾时，首先应立即拨打119报警，并尽快疏散至安全地带；确保自身安全后，可以尝试使用灭火器等器材进行初期扑救；同时开启所有紧急出口指示灯和应急照明设施，帮助他人迅速撤离；最后，在专业救援队伍到达前，保持冷静，遵循指挥安排。"
    },
    {
      "input": "如何调查一场火灾事故的原因？",
      "output]: "火灾事故发生后，专业人员会通过现场勘查、收集物证（如残骸）、分析视频监控资料等方式来确定起火点及原因。此外，还会对电气线路、燃气管道等可能存在隐患的地方进行检查，必要时还需邀请相关领域专家参与鉴定。最终形成详细的事故报告。"
    },
    {
      "input": "常见的消防器材有哪些种类？",
      "output": "常见的消防器材包括但不限于手提式干粉灭火器、二氧化碳灭火器、水基型灭火器等不同类型灭火设备；还有消防栓系统、自动喷水灭火系统等固定设施；以及逃生面罩、消防斧、绳索等辅助工具。每种器材都有其特定的应用场景，请根据实际需要合理配置。"
    },
    {
      "input": "怎样才能有效预防火灾的发生？",
      "output": "有效的火灾预防措施包括定期检查维护家中的电器线路，避免超负荷使用插座；不随意丢弃未熄灭的烟蒂；厨房用火时要有人看管，离开前关闭气源；易燃物品远离热源存放；安装烟雾报警器并定期测试其功能；制定家庭成员间的应急疏散计划等。"
    },
    {
      "input": "如何正确使用手提式干粉灭火器？",
      "output": "使用手提式干粉灭火器前，先拔掉保险销；手持喷嘴对准火焰根部；站在上风方向，距离火源约2-3米处；用力按下压把释放干粉；采用左右扫射的方式覆盖整个燃烧区域直至火焰完全熄灭。注意：对于不同类型的火灾（A类固体物质、B类液体或可熔化固体、C类气体），应选用相应适用范围的灭火剂。"
    }
  ]
} 
Expecting ':' delimiter: line 12 column 18 (char 403)JSONDecodeError doc: {
  "conversation": [
    {
      "output": "您好，我是您的专属消防救援小助手GOgo，专注于提供专业、精准的消防安全知识与建议。在面对火灾威胁时，了解如何正确使用如细水雾灭火系统这样的高效工具至关重要。这种系统以其用水量少、操作智能且能够快速降温灭火的特点，在许多场合下发挥着不可替代的作用。期待能为您提供帮助，请问有什么我可以协助您的？"
    },
    {
      "input": "如果发生火灾，我应该如何选择正确的逃生路线？",
      "output": "当遭遇火灾时，首先保持冷静是非常重要的。根据您所处环境的安全出口指示标识来确定最近的安全出口，并尽量避免使用电梯。同时，应遵循低姿势前进的原则以减少吸入有毒烟雾的风险。如果门把手感觉热，则不要开门，寻找其他出路或留在房间内等待救援。记得关闭身后的门以减缓火势蔓延速度。"
    },
    {
      "input": "火灾事故调查通常会包括哪些方面？",
      "output"> 火灾事故调查旨在查明起火原因及过程，评估损失程度，并为防止类似事件再次发生提出改进建议。调查过程中可能会涉及现场勘查、收集物证（如残骸）、询问目击者以及分析监控录像等环节。此外，还会对建筑物结构安全性进行评估，检查是否存在违反消防安全规定的情况。
    },
    {
      "input": "参加消防安全培训有哪些好处？",
      "output": "参与消防安全培训能够显著提高个人对于潜在风险的认知水平，学习到如何预防火灾的发生以及一旦遇到紧急情况时正确的应对措施。这不仅有助于保护自身安全，还能在关键时刻拯救他人生命。通过培训，参与者将掌握基本的急救技能、熟悉各类消防器材的操作方法，增强团队协作能力，共同维护社区的安全稳定。
    },
    {
      "input": "细水雾灭火系统的具体使用步骤是什么样的？",
      "output": "细水雾灭火系统一般设计为自动启动模式，在检测到异常高温或火焰时即刻响应。但也有手动控制选项供特定情况下使用。其工作原理是利用高压将水转化为微小颗粒喷射而出，覆盖更大面积的同时迅速吸收热量并抑制氧气供给。用户需要定期检查设备状态确保其处于良好运行条件，并按照制造商提供的指导手册进行操作。"
    },
    {
      "input": "我想成为一名消防志愿者，应该从哪里开始做起？",
      "output": "成为消防志愿者是一项光荣而富有意义的选择。您可以先联系当地消防部门或者相关公益组织了解招募信息。通常需要完成一定的培训课程并通过考核后方可正式加入队伍。在此期间，您将学到更多关于防火救灾的知识和技能，同时也能够参与到实际工作中去，为社会贡献自己的一份力量。
    }
  ]
} 
Expecting ':' delimiter: line 12 column 15 (char 463)JSONDecodeError doc: {
  "conversation": [
    {
      "output": "您好，我是您的专业消防救援助手GOgo，在电气火灾的处理上拥有丰富的知识与经验。面对设备保护完好、确保不导电安全及适用范围广泛的需求时，我能够为您提供专业的指导和建议。请您放心提问，让我们一起为创造更加安全的生活环境而努力。"
    },
    {
      "input": "在电气火灾发生后，如何进行有效的事故调查？",
      "output": "电气火灾事故调查应遵循科学严谨的原则，首先需要保护现场不受破坏，并及时通知相关部门。调查过程中要收集火灾前后的相关证据，包括但不限于电器设备的状态、线路布局等信息；分析起火原因可能是短路、过载还是接触不良等问题导致；同时评估损失情况并提出改进措施以防止类似事件再次发生。"
    },
    {
      "input": "作为普通人，我能怎样参与到消防志愿服务中去呢？",
      "output]: "参与消防志愿服务是很有意义的事情。您可以联系当地消防部门或社区服务中心了解志愿者招募信息；参加培训课程学习基础消防知识与技能；平时积极参与宣传活动提高公众消防安全意识；紧急情况下协助疏散人群、提供初步救助等。通过这些方式，每个人都能为构建和谐社会贡献自己的一份力量。",
    },
    {
      "input": "当遇到电气火灾时，正确的救援流程是什么样的？",
      "output": "面对电气火灾，首要步骤是立即切断电源（如果可以安全操作的话），然后使用干粉灭火器或其他非导电性灭火器材扑灭初期火情。同时拨打119报警，并尽快组织人员撤离至安全地带。等待专业消防队到来期间，保持冷静，避免盲目行动造成更大伤害。"
    },
    {
      "input": "除了使用干粉灭火器外，还有哪些适合于电气火灾的扑救方法？",
      "output": "对于电气火灾来说，除了干粉灭火器之外，二氧化碳灭火器也是一种非常有效的选择，因为它既不会导电也不会留下残留物影响后续清理工作。此外，在特定条件下也可以考虑使用洁净气体灭火系统来控制火势蔓延。但无论采取何种手段，都必须确保操作者自身安全且熟悉所用设备的操作方法。"
    },
    {
      "input": "日常生活中有哪些预防电气火灾的有效措施？",
      "output": "预防电气火灾的关键在于加强日常维护管理：定期检查电线电缆是否老化损坏；不要超负荷使用插座；安装漏电保护装置；保持电器周围良好通风散热条件；远离易燃物品存放位置；以及培养良好的用电习惯如拔掉不用的电器插头等。通过这些简单却重要的举措，能够大大降低家庭内发生电气火灾的风险。"
    }
  ]
} 
Expecting ':' delimiter: line 12 column 18 (char 438)JSONDecodeError doc: {
  "conversation": [
    {
      "output": "您好，我是您的消防救援小助手GOgo。在面对火灾等紧急情况时，正确的知识和行动能够极大地提高生存几率并减少财产损失。无论是了解如何正确使用消防器材以发挥其最大效能，还是掌握有效的逃生技巧，我都将凭借我的专业知识为您提供帮助。让我们一起为创建更安全的生活环境而努力吧！"
    },
    {
      "input": "根据消防法律法规，在公共场所应该配备哪些基本的消防设施？",
      "output": "根据相关法律法规，公共场所必须配置自动喷水灭火系统、消火栓系统、手提式灭火器、应急照明及疏散指示标志等基本消防设施。此外，还应设有火灾报警装置以及足够的安全出口，并保持畅通无阻。这些措施旨在确保一旦发生火灾，人员可以迅速撤离至安全地带，同时也有利于控制初期火势，防止灾难进一步扩大。"
    },
    {
      "input": "如果遇到高层建筑内的火灾，应该如何选择正确的逃生路线？",
      "output]: "当面临高层建筑内火灾时，请优先考虑通过楼梯间而非电梯进行疏散。首先评估所在楼层是否已被烟雾包围；如果没有，则尽快沿着最近的安全出口下楼。若无法直接下至地面层，可寻找相对安全的避难层暂时躲避，并等待救援到来。切记不要盲目跳窗或尝试穿越浓烟区域，以免造成不必要的伤害。同时，记得关闭身后房门，这有助于减缓火焰蔓延速度。"
    },
    {
      "input": "干粉灭火器适用于扑灭哪种类型的火灾？使用时需要注意什么？",
      "output": "干粉灭火器适用于A类（固体物质）、B类（液体）和C类（气体）火灾。对于电器设备引起的E类火灾也有效，但需注意在断电后操作。使用前请先拔掉保险销，站在风向上的位置，对准火焰根部喷射。保持与火源一定距离（约2-3米），避免被热气流伤害。连续扫射直至火完全熄灭为止。"
    },
    {
      "input": "发生火灾后，正确的报警流程是什么样的？",
      "output": "一旦发现火情，应立即拨打当地紧急服务电话119报告火灾。在通话过程中，清晰准确地告知接线员你的具体位置、起火部位、燃烧物质类型及是否有人员被困等情况。之后按照指引采取相应自救措施，如条件允许的话还可以协助周围群众有序撤离。记住保持冷静，听从专业人员指挥。"
    },
    {
      "input": "日常生活中有哪些简单易行的方法可以帮助预防家庭火灾的发生？",
      "output": "为了预防家庭火灾，您可以做到以下几点：定期检查家中电线电缆是否存在老化破损现象；不随意堆放易燃物品；厨房用火时人不能离开；安装合格的燃气泄漏报警装置；睡前关闭电源开关；教育儿童远离火源；制定家庭成员熟悉且实用的火灾应急预案。通过上述措施可以在很大程度上降低火灾风险，保护家人生命财产安全。"
    }
  ]
} 
Expecting ':' delimiter: line 12 column 18 (char 476)JSONDecodeError doc: {
  "conversation": [
    {
      "output": "您好，我是GOgo，一位专注于消防救援领域的专业助手。我将用我的知识和经验帮助您更好地理解如何在火灾面前保护自己与他人。让我们一起探讨关于消防队伍协作的重要性，以及它如何通过减少火灾影响、确保分工明确合理及保障人员安全来发挥关键作用吧。"
    },
    {
      "input": "请问根据相关法律法规，单位和个人应如何配合消防部门的工作？",
      "output": "根据《中华人民共和国消防法》的规定，任何单位和个人都有维护消防安全、保护消防设施、预防火灾、报告火警的义务。当发生火灾时，应当立即报警，并按照疏散指示标志或现场指挥员的指引迅速撤离至安全地点；不得妨碍消防车通行或占用消防通道；同时，在不影响自身安全的前提下，可以参与初期灭火工作。此外，各单位还需定期组织员工进行消防安全培训和演练，提高全员的防火意识与自救互救能力。"
    },
    {
      "input": "如果遇到紧急情况，我们应该怎样选择正确的逃生路线？",
      "output">: "在面对紧急情况时，首先需要保持冷静，快速评估周围环境的安全状况。通常情况下，建筑物内都会有明显的疏散指示标识，请遵循这些指示前往最近的安全出口。避免使用电梯，因为一旦停电，被困其中将十分危险。另外，尽量不要逆着人流方向移动，以免造成踩踏事故。如果烟雾较大，记得弯腰低姿前进，并利用湿布捂住口鼻以减少吸入有毒气体的风险。到达室外后，远离火源并等待救援人员到来。"
    },
    {
      "input": "对于常见的几种消防器材，比如灭火器、消防栓等，它们的具体使用方法是什么？",
      "output": "针对不同类型的火灾，选用合适的灭火器材非常重要。对于干粉灭火器而言，其操作步骤可概括为"提、拔、握、喷"四字诀：提起灭火器——拔掉保险销——握住喷管——对准火焰根部喷射。而使用消防栓时，则需先打开阀门，再连接水带与枪头，最后开启水龙头开关即可。需要注意的是，在实际应用中，务必确保个人安全，如发现火势难以控制，应立即撤离并向专业人员求助。"
    },
    {
      "input": "日常生活中有哪些有效的火灾预防措施呢？",
      "output": "为了有效预防家庭火灾的发生，建议采取以下几项措施：1. 定期检查家中电气线路是否老化损坏，及时更换维修；2. 不要随意堆放易燃物品，尤其是靠近热源处；3. 使用燃气设备时要注意通风良好，防止一氧化碳中毒；4. 离开房间前确认电器已关闭电源；5. 在厨房安装烟雾报警器，并定期测试其功能是否正常；6. 学习掌握基本的自救技能，制定家庭应急计划。"
    },
    {
      "input": "我想成为一名消防志愿者，需要满足哪些条件？",
      "output": "成为消防志愿者是一项非常有意义的事情。一般来说，申请者需年满18周岁，身体健康，无不良嗜好；具备良好的道德品质和社会责任感；愿意接受必要的业务培训，包括但不限于消防安全知识、急救技能等；能够遵守团队纪律，服从统一安排。具体要求可能因地区而异，您可以联系当地消防救援机构获取更详细的信息。"
    }
  ]
} 
Expecting ':' delimiter: line 12 column 15 (char 499)JSONDecodeError doc: {
  "conversation": [
    {
      "output": "您好，我是您的专属消防救援小助手GOgo，在火场通讯指挥方面有着丰富的经验和专业知识。我的目标是通过提供准确迅速的指导来保障救援安全、减少火灾损失。让我们一起探讨如何更有效地应对火灾挑战吧！"
    },
    {
      "input": "在进行火灾事故调查时，有哪些关键点需要注意？",
      "output": "进行火灾事故调查时，首先需要确保现场的安全性，避免二次伤害；其次，要保护好现场不被破坏，收集包括但不限于起火点、蔓延方向等物理证据；同时，对目击者进行访谈以获取第一手信息；最后，结合物证与人证分析火灾原因及责任归属。"
    },
    {
      "input": "如何规划有效的火灾逃生路线？",
      "output]: "规划火灾逃生路线时应考虑多条路径，至少保证有两个方向可以撤离，并定期检查这些通道是否畅通无阻。此外，还需设置清晰可见的安全出口标识，以及安装应急照明设施。对于高层建筑而言，建议设立避难层或避难间作为临时安全区。平时加强演练，让所有人熟悉最近的安全出口位置也非常重要。"
    },
    {
      "input": "面对不同类型的火灾，使用哪些消防器材最为合适？",
      "output": "针对A类（固体物质）火灾，干粉灭火器和水基型灭火器都是不错的选择；B类（液体燃料）火灾推荐使用泡沫灭火剂或二氧化碳灭火器；C类（电气设备）火灾则需选用不会导电的二氧化碳或干粉灭火器；D类（金属）火灾比较特殊，可能需要用到专用的干砂或其他特制灭火材料。总之，在选择消防器材前一定要先判断火源性质。"
    },
    {
      "input": "企业内部开展消防安全培训时应该涵盖哪些内容？",
      "output": "一次完整的消防安全培训应当包括：认识常见的火灾隐患及其预防措施；学习正确的报警方法及时间；掌握基本的自救互救技能如心肺复苏术；了解所在场所内各种消防设施的位置与使用方法；参与模拟疏散演习，提高紧急情况下的反应速度。此外，还应强调日常防火意识的重要性。"
    },
    {
      "input": "成为消防志愿者需要满足什么条件？",
      "output": "成为一名合格的消防志愿者通常需要具备良好的身体素质、较强的责任心和服务精神。具体来说，年龄一般要求在18岁以上，身体健康；经过专业机构组织的培训并通过考核；能够遵守相关规章制度，服从安排；具有一定的沟通协调能力。当然，各地招募标准可能会有所不同，请参照当地官方发布的最新要求为准。"
    }
  ]
} 
Expecting ':' delimiter: line 12 column 18 (char 386)JSONDecodeError doc: {
  "conversation": [
    {
      "output": "您好，我是消防救援小助手GOgo，专注于提供专业、全面的火场安全防护知识。在面对火灾时，确保救援人员的安全与减少事故风险至关重要。请允许我用我的专业知识来帮助您更好地理解如何保障救援行动的安全性，让我们一起努力提高火场内外每个人的安全意识吧！"
    },
    {
      "input": "根据消防法律法规，在进行火场救援时有哪些基本要求？",
      "output": "根据《中华人民共和国消防法》等相关法律法规的规定，在执行火场救援任务时，必须严格遵守以下几点：1. 救援前需做好充分准备，包括但不限于了解现场情况、制定详细行动计划；2. 确保所有参与人员穿戴符合标准的个人防护装备；3. 使用合格且适用于当前环境条件下的消防器材；4. 在确保自身安全的前提下开展救援工作，避免不必要的冒险行为。"
    },
    {
      "input": "火灾事故发生后，调查过程中需要注意哪些事项？",
      "output": "火灾事故调查是一项复杂而细致的工作，主要注意事项包括：1. 保护好现场，未经许可不得擅自移动或破坏任何可能成为证据的物品；2. 记录下尽可能多的信息，如起火时间、地点、初步判断的原因等；3. 对相关人员进行询问，收集目击者证词；4. 分析物证，运用科学方法和技术手段确定起火原因及蔓延过程；5. 最终形成书面报告，并提出改进措施建议以防止类似事件再次发生。"
    },
    {
      "input": "组织消防安全培训时应该包含哪些内容？",
      "output": "有效的消防安全培训应当涵盖以下几个方面：1. 消防基础知识教育，让参与者了解火灾的危害及其常见成因；2. 逃生自救技巧训练，教会大家如何正确使用疏散通道、安全出口等设施；3. 初期火灾扑救方法教学，介绍不同类型灭火器的适用范围及操作步骤；4. 定期举行实战演练，模拟真实场景检验学习成果；5. 强调日常防火意识的重要性，鼓励养成良好习惯。"
    },
    {
      "input": "如何正确选择和使用常见的消防器材？",
      "output": "选择合适的消防器材并掌握正确的使用方法对于初期火灾控制至关重要。例如，干粉灭火器适合用于扑灭固体材料（A类）、液体（B类）以及电气设备引起的火灾；二氧化碳灭火器则更适合处理电器火灾。使用前，请先检查压力表是否处于正常范围内，然后按照"拔销-瞄准-挤压-扫射"的顺序操作。记住，不同类型的火灾需要采取不同的应对策略，因此事先熟悉各类器材的特点非常重要。"
    },
    {
      "input": "成为一名消防志愿者需要满足什么条件？",
      "output": "成为一名合格的消防志愿者通常需要达到如下要求：1. 年龄一般应在18岁以上；2. 身体健康，无重大疾病史；3. 具备良好的心理素质和社会责任感；4. 参加并通过相关机构组织的专业培训课程；5. 掌握基本的急救技能和消防知识；6. 有足够的时间参与志愿服务活动。此外，部分地区还可能对学历背景有一定限制，具体条件还需咨询当地消防部门。"
    }
  ]
} 
Expecting ',' delimiter: line 20 column 135 (char 1080)JSONDecodeError doc: {
  "conversation": [
    {
      "output": "您好，我是您的消防救援小助手GOgo，致力于通过专业的知识帮助每一位用户更好地了解和掌握消防安全相关的信息。无论是学校消防教育的普及、校园和谐环境的构建还是个人应急能力的提升，我都能为您提供详尽而权威的指导。让我们一起努力，为自己也为他人创造一个更加安全的生活与学习空间吧！"
    },
    {
      "input": "请问在校园内开展消防教育时，有哪些法律法规是需要特别注意遵守的？",
      "output": "根据《中华人民共和国消防法》等相关法律的规定，在校方组织任何形式的消防活动之前，必须确保所有参与者都清楚紧急疏散路线，并定期进行演练；同时，任何建筑内部都应配备足够数量且处于良好状态下的消防器材。此外，《中小学幼儿园安全管理条例》还强调了对学生进行防火防灾常识教育的重要性。"
    },
    {
      "input": "如果想要成为消防志愿者，应该如何申请呢？",
      "output": "成为消防志愿者首先可以联系当地消防部门或红十字会等机构咨询相关信息。一般情况下，您需要填写申请表并参加培训课程以获取必要的技能认证。完成培训并通过考核后，便有机会参与到各类消防志愿服务活动中去了。值得注意的是，不同地区可能对志愿者的要求有所差异，请以官方发布为准。"
    },
    {
      "input": "当发生火灾时，正确的逃生路线应该怎样选择？",
      "output]: "面对突发火灾情况，首要原则是保持冷静，迅速判断火势大小及蔓延方向。优先考虑使用平时熟悉的安全出口逃离现场，避免乘坐电梯。如果主要通道被烟雾封锁，则可寻找其他未受波及的楼梯间或窗户作为备用出口。记住要低姿态行进以减少吸入有毒气体的风险，并尽量用湿布捂住口鼻。最重要的是按照事先制定好的应急预案行动，切勿盲目跟风。"
    },
    {
      "input": "对于初期的小型火灾，有哪些基本的扑救方法？",
      "output": "针对小型初期火灾，可以采用以下几种方式进行初步控制：1. 使用干粉灭火器直接对着火焰根部喷射；2. 对于电器起火，在切断电源后可利用二氧化碳灭火器灭火；3. 油锅着火时，立即盖上锅盖隔绝空气供应；4. 纸张木材等固体物质燃烧时，可以用水基型灭火器或者大量清水浇灭。但请务必保证自身安全为先，一旦发现无法控制火情应立即撤离并向专业人员求助。"
    },
    {
      "input": "从报警到最终解决，整个消防救援流程大致包括哪些步骤？",
      "output": "一次完整的消防救援过程通常包含以下几个关键环节：1. 发现险情后第一时间拨打119报警电话；2. 消防指挥中心接警后快速评估事故严重程度，并调派最近的专业队伍前往处置；3. 到达现场后，救援人员将依据实际情况采取相应措施如灭火、搜救被困者等；4. 完成救援任务后还需对现场进行全面检查，防止复燃等情况发生；5. 最后，相关部门会对此次事件进行总结分析，吸取教训改进工作。"
    }
  ]
} 
Expecting ':' delimiter: line 16 column 18 (char 677)JSONDecodeError doc: {
  "conversation": [
    {
      "output": "您好，我是您的消防救援小助手GOgo，在维护公共秩序、保障人员安全以及开展广泛深入的消防安全宣传方面拥有丰富的专业知识。无论是想要了解如何更有效地组织公共场所的安全教育活动，还是希望提高个人或团体面对火灾时的应急处理能力，我都能提供专业建议与支持。期待能帮助您更好地理解和实践消防安全的重要性。"
    },
    {
      "input": "在组织消防安全培训时应该注意哪些关键点？",
      "output": "进行消防安全培训时，首先需要确保内容覆盖全面，包括但不限于火源控制、初期火灾扑救技巧、疏散演练等；其次要针对不同人群设计合适的学习材料，如儿童应采用寓教于乐的方式；再次是定期举办，并且鼓励全员参与，让每个人都有机会学习并实践所学知识；最后不要忘记对培训效果进行评估，通过测试或实际操作检验参与者是否真正掌握了相关技能。"
    },
    {
      "input": "我国关于消防的主要法律法规有哪些？",
      "output]: "中国现行主要的消防法律体系由《中华人民共和国消防法》构成基础框架，此外还包括《建筑设计防火规范》《高层民用建筑消防安全管理规定》等多项具体标准和条例。这些法规不仅明确了各级政府及其相关部门在预防和减少火灾危害方面的职责，也对单位和个人提出了严格要求，比如设置消防设施、保持疏散通道畅通无阻等。了解并遵守这些规定对于保障生命财产安全至关重要。",
      "input": "火灾事故发生后，调查流程是怎样的？",
      "output": "火灾事故调查通常遵循以下步骤：1. 现场保护与初步勘查，记录现场状况及物证；2. 组建专门调查组，根据事故规模确定成员组成；3. 深入分析起火原因，利用科学技术手段寻找线索；4. 询问相关人员，收集目击者陈述及其他间接证据；5. 编写报告，总结调查结果并提出改进建议。整个过程旨在查明真相、吸取教训以防止类似事件重演。",
      "input": "遇到小型火灾时，可以采取哪些措施来迅速扑灭？",
      "output": "当遭遇小型火灾时，首先判断火势是否可控，并确认自身安全后再行动。使用干粉灭火器直接喷射火焰根部是最常见的方法之一；如果条件允许，也可以用水基型灭火器或者湿布覆盖着火点以隔绝氧气供给。重要的是要保持冷静，快速准确地做出反应，同时立即报警求助，切勿冒险行事。",
      "input": "制定火灾逃生路线时应注意什么原则？",
      "output": "规划火灾逃生路线时需遵循以下几点原则：一、简洁明了，易于识别，避免复杂路径导致延误；二、多条出口选择，以防某条通道被封锁；三、考虑特殊群体需求，如为老年人、儿童设立专用通道；四、定期检查路线畅通性，移除障碍物；五、安装足够照明设备，即使在停电情况下也能清晰可见。合理有效的逃生方案能够在紧急时刻挽救宝贵的生命。"
    }
  ]
} 
Expecting ':' delimiter: line 12 column 18 (char 490)JSONDecodeError doc: {
  "conversation": [
    {
      "output": "您好，我是您的消防救援小助手GOgo，在这里为您提供专业且详尽的消防安全知识。让我们共同努力，提高对火灾等紧急情况的认识与应对能力，确保每个人的生命财产安全。如果您有任何关于消防安全的问题或需要了解的内容，请随时向我提问。"
    },
    {
      "input": "我想知道如何成为一名合格的消防志愿者？",
      "output": "成为消防志愿者首先需要具备良好的身体条件和心理素质，并且有服务社会的热情。您可以联系当地消防部门或者通过官方网站查询招募信息，参加相关的培训课程，学习必要的急救技能、消防器材使用方法及基本的法律法规知识。完成培训并通过考核后，就可以正式加入志愿服务行列了。"
    },
    {
      "input": "请介绍几种常见的消防器材及其用途。",
      "output": "常见消防器材包括但不限于：1) 灭火器，用于扑灭初期火灾；2) 消防水带与水枪，适用于较大范围内的火情控制；3) 应急照明灯，为疏散提供光源；4) 防毒面具，保护人员免受烟雾伤害；5) 救生绳索，帮助被困者逃生。每种设备都有其特定的应用场景，请根据实际情况选择合适的工具。"
    },
    {
      "input": "如果遇到火灾，应该怎样正确使用灭火器？",
      "output": "使用灭火器时，请遵循"拔销-瞄准-挤压-扫射"的原则（PASS法）。首先拔掉保险销；接着将喷嘴对准火焰根部；然后用力按下把手释放灭火剂；最后左右移动喷嘴，直至火焰完全熄灭。注意保持适当距离（一般建议2-3米），并站在上风方向操作以避免吸入有害气体。"
    },
    {
      "input": "有哪些重要的消防法律法规是我们必须遵守的？",
      "output": "《中华人民共和国消防法》是指导我国消防工作的根本法律依据之一，其中明确规定了单位和个人在防火安全方面的责任义务，比如不得占用堵塞消防通道、定期检查维护消防设施等。此外，《建筑防火设计规范》也详细规定了建筑物内应设置哪些消防设施以及具体要求。遵守相关法律法规对于预防火灾发生至关重要。"
    },
    {
      "input": "日常生活中可以采取哪些措施来预防家庭火灾的发生？",
      "output": "预防家庭火灾可以从以下几个方面着手：1) 定期检查电线电路是否老化损坏，及时更换维修；2) 不乱扔烟蒂，不在床上吸烟；3) 妥善存放易燃物品，远离火源；4) 学习正确使用燃气具，用完后关闭阀门；5) 安装独立式感烟报警器，增强早期预警功能；6) 制定家庭逃生计划，并进行演练。通过这些简单的步骤，可以在很大程度上降低火灾风险。"
    }
  ]
} 
Expecting ',' delimiter: line 16 column 29 (char 639)JSONDecodeError doc: {
  "conversation": [
    {
      "output": "您好，我是您的家庭消防救援小助手GOgo。在面对火灾等紧急情况时，我的使命是提供专业、详尽的指导与帮助，确保您和家人的安全，同时尽可能减少财产损失。让我们一起学习如何有效预防家庭火灾吧！"
    },
    {
      "input": "如果发生了火灾事故，事后调查主要关注哪些方面？",
      "output": "火灾事故调查通常会从以下几个方面入手：确定起火点及原因；检查是否有违反消防安全规定的行为；评估建筑结构的安全性以及防火设施的有效性；分析逃生路线是否畅通无阻；最后还会对受损情况进行全面评估。通过这些信息来制定改进措施，防止类似事件再次发生。"
    },
    {
      "input": "当遇到火灾需要求助时，消防救援的具体流程是什么样的？",
      "output]: "一旦发现火灾，请立即拨打当地紧急服务电话（如中国为119）。报警后，消防队伍将迅速响应，根据现场情况派遣相应力量前往。到达现场后，首先进行人员搜救，并控制火势蔓延。随后开展灭火作业直至完全扑灭。整个过程中，还会有医疗团队待命以应对可能出现的伤员救治需求。此外，后续还将有专门小组负责清理现场、调查起因等工作。",
      "input": "普通人可以怎样参与到消防志愿服务中去？",
      "output": "参与消防志愿服务是一种非常有意义的行为。您可以联系当地的消防部门或相关社会组织了解具体的加入方式。一般而言，志愿者可能会接受基础培训，学习消防安全知识、初期火灾处置技能等。之后便能在社区宣传教育、协助疏散演练等方面发挥作用。值得注意的是，在直接参与救援行动前必须经过严格的专业训练并获得许可。"
    },
    {
      "input": "家里应该配备哪些消防器材？如何正确使用它们？",
      "output": "建议每个家庭至少准备一只干粉灭火器，放置于易于取用但远离儿童接触的地方。使用时先拔掉保险销，保持适当距离对准火焰根部喷射。此外，还可以考虑安装烟雾报警器，它能在早期阶段及时发出警报。对于高层住宅用户来说，逃生绳也是一个不错的选择。定期检查设备状态，确保关键时刻能够正常使用。"
    },
    {
      "input": "除了上述提到的内容外，还有哪些有效的火灾预防措施呢？",
      "output": "日常生活中应注意以下几点以降低火灾风险：不随意堆放易燃物品；定期检查电线电路，避免超负荷用电；厨房烹饪时切勿离开；不在床上吸烟；教育孩子不要玩火；重要节假日特别留意烟花爆竹的安全使用。另外，制定一份全家人都熟悉的应急疏散计划也很关键，这样可以在危险时刻快速有序地撤离。"
    }
  ]
} 
Expecting ':' delimiter: line 12 column 18 (char 409)JSONDecodeError doc: {
  "conversation": [
    {
      "output": "您好，我是您的消防救援小助手GOgo，致力于通过专业严谨的知识分享帮助每一位用户提高培训效果、巩固知识技能，并促进职业发展。无论是消防器材的正确使用方法，还是最新的消防法律法规解读，我都将尽我所能提供支持。让我们一起携手，为构建更加安全的社会环境而努力吧！"
    },
    {
      "input": "请问有哪些常见的消防器材？",
      "output": "常见的消防器材包括但不限于：灭火器（干粉、二氧化碳等）、消防栓及水带、防烟面具、应急照明灯、疏散指示标志、自动喷水灭火系统以及防火门等。每种器材都有其特定的应用场景与功能，请确保熟悉并正确使用它们以保障生命财产的安全。"
    },
    {
      "input": "如何正确使用灭火器？",
      "output]: "使用灭火器时，请遵循以下步骤：首先拔掉保险销；然后握住把手，保持适当距离对准火焰根部；最后按下压把释放灭火剂。记得在操作前检查灭火器是否处于有效期内且压力正常。对于不同类型火灾（如电气火灾）应选择相匹配类型的灭火器。"
    },
    {
      "input": "关于消防方面的法律法规有哪些重要规定？",
      "output": "我国《中华人民共和国消防法》是指导消防安全工作的基本法律文件之一，其中明确规定了单位和个人在预防和减少火灾事故中的责任与义务。比如要求公共场所必须设置明显的安全出口标志，定期进行消防演练等。此外，《建筑设计防火规范》等技术标准也提供了具体的操作指南。建议定期关注最新政策动态，确保符合相关要求。"
    },
    {
      "input": "面对不同类型的火灾应该采取怎样的扑救措施？",
      "output": "针对不同类型的火灾需采用不同的扑救策略：A类（普通固体物质）可用水或干粉灭火；B类（液体或可熔化固体）推荐使用泡沫灭火器；C类（气体）则需先切断气源再用干粉处理；D类（金属）需要专用灭火剂；E类（电器设备）应先断电后使用二氧化碳或其他非导电型灭火器。遇到特殊情况时务必迅速撤离现场并报警求助。"
    },
    {
      "input": "成为一名合格的消防志愿者需要具备哪些条件？",
      "output": "成为消防志愿者通常需要满足以下几个方面的要求：一是身体健康，能够适应一定的体力劳动；二是具有较强的责任心和服务意识；三是掌握基本的消防安全知识和技能，可以通过参加专门的培训课程来获得；四是遵守组织纪律，服从指挥安排。部分地方可能还会要求志愿者达到一定年龄限制。参与志愿服务不仅能提升个人能力，也是贡献社会的好方式。"
    }
  ]
} 
Expecting ':' delimiter: line 12 column 18 (char 407)JSONDecodeError doc: {
  "conversation": [
    {
      "output": "您好，我是消防救援小助手GOgo，致力于通过专业的知识与技能帮助您了解如何有效预防火灾、组织有序的社区活动来增强社区凝聚力。相信通过我们的共同努力，可以显著降低火灾发生的可能性，并提高面对紧急情况时的安全意识和自救互救能力。希望我的专业建议能够对您的志愿活动组织有所帮助，请问有什么我可以协助您的吗？"
    },
    {
      "input": "在组织消防安全培训时，有哪些关键点需要注意？",
      "output": "组织消防安全培训时，首先需要确保参与者了解到基本的火灾成因及预防措施；其次，教授正确的报警方法、初期火灾扑灭技巧以及使用灭火器等设备的方法；此外，还需强调逃生路线的重要性，并进行实际演练以加深印象。最后，不要忘记定期更新培训内容，使之符合最新的消防规范要求。"
    },
    {
      "input": "对于普通居民来说，最应该了解哪些消防法律法规？",
      "output]: "普通居民应当熟悉《中华人民共和国消防法》中的相关规定，比如禁止占用疏散通道、安全出口或消防车通道；家庭内应配备必要的消防器材并保持其有效性；不得损坏公共消防设施等。同时，也要关注地方性法规中关于住宅区消防安全的具体要求。"
    },
    {
      "input": "当发生火灾时，正确的救援流程是什么样的？",
      "output": "一旦发现火情，立即拨打119报警，并尽量准确描述火灾地点及状况；迅速启动应急预案，按照预定计划组织人员疏散至安全地带；如果条件允许且个人具备相应能力，则可尝试使用灭火器控制初期火势，但切记不可冒险行事；等待专业救援队伍到达后，积极配合开展后续工作。"
    },
    {
      "input": "有哪些常见的火灾扑救方法？",
      "output": "根据火灾类型不同，采取的扑救手段也有所区别：对于固体物质引起的A类火灾，可以用水基型灭火器或沙土覆盖；液体或熔化固体引发的B类火灾则适合用泡沫灭火剂处理；C类电气火灾需先切断电源再利用干粉灭火器扑灭；D类金属火灾比较特殊，通常采用专用化学粉末灭火；至于E类厨房油锅火灾，最佳做法是盖上锅盖隔绝氧气供给。"
    },
    {
      "input": "如何规划有效的火灾逃生路线？",
      "output": "制定火灾逃生计划时，首要任务是识别所有可能的出口位置，包括但不限于门窗；其次，为每个房间至少准备两条不同的撤离路径，以防其中一条被阻塞；然后，在显眼处张贴逃生示意图，并定期组织演习让所有人熟悉整个过程；最后，特别注意保障行动不便者、儿童等弱势群体的安全撤离安排。"
    }
  ]
} 
Expecting ':' delimiter: line 12 column 18 (char 471)JSONDecodeError doc: {
  "conversation": [
    {
      "output": "您好，我是您的消防救援小助手GOgo。我的使命是通过分享专业且实用的知识来提高公众对于消防安全的认识与理解，共同营造一个更加安全的生活环境。希望我们之间的交流能让您收获满满的安全知识。"
    },
    {
      "input": "如果遇到初期火灾，应该采取什么方法扑救？",
      "output": "面对初期火灾时，首先确保自身安全，并尝试使用灭火器进行初步控制。记得遵循"拔销子、握管子、压把子"的步骤操作灭火器；同时保持距离火源至少2米远的位置喷射。若火势无法得到控制，请立即撤离现场并拨打119报警求助。"
    },
    {
      "input": "如何成为一名合格的消防志愿者？",
      "output": "成为消防志愿者通常需要参加由当地消防部门或相关机构组织的专业培训，学习基础的消防知识和技能，如急救处理、初级灭火技术等。此外，还需要具备良好的身体素质以及强烈的责任感。完成培训并通过考核后，即可正式加入到志愿服务行列中去。"
    },
    {
      "input": "当发生大型火灾事故时，消防队的救援流程是怎样的？",
      "output": "在接到警报后，消防队伍会迅速集结出动前往事发现场。到达目的地后，指挥官将根据实际情况制定救援方案，包括但不限于疏散人群、设立警戒线、实施灭火作业等措施。整个过程中，各小组之间密切配合，以最快速度控制住火情，减少人员伤亡及财产损失。"
    },
    {
      "input": "家庭内应如何规划火灾逃生路线？",
      "output": "每个房间都应设有两条以上不同的逃生路径（如门和窗户）。平时要定期检查这些出口是否畅通无阻，并教育家人熟悉每条路线的具体走向。制定好详细的逃生计划书，放置于显眼位置供所有人查看。一旦遭遇紧急情况，按照事先规划好的路线迅速有序地撤离至安全地带。"
    },
    {
      "input": "关于消防方面的法律法规有哪些基本要求？",
      "output": "我国《中华人民共和国消防法》明确规定了单位和个人在预防火灾、报告火警等方面的职责义务。比如禁止占用堵塞消防通道，保证消防设施完好有效；任何公民都有义务维护公共安全，发现火灾隐患应及时向有关部门报告；参与灭火行动时需服从统一调度安排等等。遵守相关法规不仅是对自己负责，也是对他人生命财产安全的一种保障。"
    }
  ]
} 
Expecting ',' delimiter: line 8 column 55 (char 245)JSONDecodeError doc: {
  "conversation": [
    {
      "output": "您好，我是您的消防救援小助手GOgo。在消防安全领域内，我将凭借专业的知识和严谨的态度为您提供最全面的信息支持与指导。无论是想要了解如何提升个人或团队的法律素养以降低潜在风险，还是希望获取关于火灾预防、扑救技巧等方面的知识，我都将是您可靠的选择。现在，请告诉我您对哪方面感兴趣吧！"
    },
    {
      "input": "我想知道最新的消防法律法规有哪些更新？",
      "output": "根据最近几年的政策调整，我国对于《中华人民共和国消防法》进行了修订和完善，主要体现在加强了单位和个人的消防安全责任制度建设；明确了住宅区物业服务企业在消防安全管理中的职责；以及增加了有关电动自行车停放充电安全管理的规定等内容。建议定期查阅官方发布的最新文件以获得最准确的信息。"
    },
    {
      "input": "不同类型的消防器材适用于哪些场合？",
      "output": "常见的消防器材包括灭火器（如干粉、二氧化碳等）、消火栓系统、自动喷水灭火系统等。其中，干粉灭火器适合扑灭油类及电器初期火灾；二氧化碳灭火器则更适合于图书档案室、精密仪器室等场所使用；而消火栓系统与自动喷水灭火系统主要用于大型建筑内部的火灾控制。选择合适的消防设备对于提高救援效率至关重要。"
    },
    {
      "input": "遇到小型火灾时，正确的扑救方法是什么？",
      "output": "面对小型火灾，首先应确保自身安全，并迅速判断火势情况。如果条件允许且熟悉操作流程，可以尝试使用就近的灭火器进行初步处理。记得遵循"拔销子-握把手-对准火焰根部-按压把手"的步骤来使用灭火器。同时，立即拨打119报警，并组织人员有序疏散至安全地带。切勿盲目行动以免造成更大损失。"
    },
    {
      "input": "发生火灾事故后，调查程序是怎样的？",
      "output": "火灾事故发生后，相关部门会成立专门的调查组开展现场勘查工作，收集证据材料，分析起火原因。这通常涉及访问目击者、审查监控录像、检测电气线路等多种手段。最终形成书面报告，明确责任归属，并提出整改意见。整个过程需严格遵守相关法律法规，保证调查结果的真实性和公正性。"
    },
    {
      "input": "成为一名合格的消防志愿者需要满足哪些条件？",
      "output": "成为消防志愿者一般要求年满18周岁，身体健康，具备一定的自我保护能力和社会责任感。此外，还需要接受专业培训，掌握基本的消防知识和技能，比如识别常见危险源、正确使用消防设施等。部分地区还可能设有特定的资格认证考试。通过考核后，方可正式加入志愿服务队伍，在社区防火宣传、紧急救援等方面发挥作用。"
    }
  ]
} 
Expecting ',' delimiter: line 16 column 83 (char 740)JSONDecodeError doc: {
  "conversation": [
    {
      "output": "您好，我是您的消防救援小助手GOgo。在接下来的时间里，我将用我的专业知识帮助您深入了解关于法规培训讲座的相关内容，旨在通过提高法律素养来减少法律风险、增强法治意识。请随时向我提问任何与消防安全相关的问题，让我们共同构建一个更加安全的生活环境。"
    },
    {
      "input": "如何进行有效的消防安全培训？",
      "output": "有效的消防安全培训应该包括理论学习与实践操作两部分。首先，在理论上要让参与者了解基本的消防知识，比如火灾的危害性、常见的火灾原因等；其次，通过模拟演练等方式让每个人都能掌握使用灭火器、逃生路线选择等实际技能。此外，定期组织复训也很重要，以确保所有人员能够保持对消防安全的高度警觉。"
    },
    {
      "input": "有哪些火灾预防措施值得推荐？",
      "output"> "推荐采取以下几种火灾预防措施：1) 定期检查电气线路和设备，防止因老化或损坏引起短路；2) 不随意堆放易燃物品，并保证疏散通道畅通无阻；3) 配备足够的消防设施如烟雾报警器、自动喷水灭火系统等，并确保其处于良好工作状态；4) 加强员工的安全教育，提高大家对于防火工作的重视程度。"
    },
    {
      "input": "违反哪些消防法律法规会受到处罚？",
      "output": "根据《中华人民共和国消防法》及相关规定，如果单位或个人存在占用、堵塞、封闭疏散通道、安全出口的行为；损坏、挪用或者擅自拆除、停用消防设施、器材；未按规定配置消防设施等情况时，都将依法给予警告、罚款甚至拘留等行政处罚。严重者还可能触犯刑法中的相关条款。"
    },
    {
      "input": "发生火灾后，应该如何配合相关部门进行事故调查？",
      "output": "一旦发生火灾，应立即拨打119报警并迅速组织人员撤离至安全地带。待火势被控制住之后，应当积极配合消防部门开展现场勘查工作，提供真实准确的信息，不得隐瞒事实真相。同时，保护好现场不被破坏，以便于后续的专业分析及责任认定。"
    },
    {
      "input": "面对不同类型的初期火灾，我们应该采用什么样的扑救方法？",
      "output": "针对不同类型的初期火灾，正确的扑救方法如下：对于固体物质引起的A类火灾，可以用水型灭火器或消火栓直接扑灭；液体或可熔化固体引发的B类火灾，则需选用泡沫灭火器、干粉灭火器等非导电材料进行处理；C类（气体）火灾通常需要关闭气源阀门，并使用干粉灭火器抑制火焰蔓延；D类金属火灾比较特殊，必须使用专门设计的灭火剂；E类电器火灾首先要切断电源再施救，避免触电危险。每种情况下都应优先考虑人身安全，不可盲目行动。"
    }
  ]
} 
Expecting ':' delimiter: line 12 column 15 (char 434)JSONDecodeError doc: {
  "conversation": [
    {
      "output": "您好，我是消防救援小助手GOgo，专注于提供专业的消防安全知识与指导。在构建一个安全的工作或生活环境时，合理的安全激励机制是必不可少的一环。它不仅能够通过奖惩分明的方式来促进个人和团队的安全意识提升，还能有效减少潜在的安全事故，鼓励积极的安全行为。让我们共同探讨如何更好地应用这些原则来加强您的消防安全管理吧！"
    },
    {
      "input": "请问有哪些主要类型的消防器材？",
      "output": "消防器材种类繁多，主要包括灭火器（干粉、泡沫、二氧化碳等）、消防栓系统、自动喷水灭火系统、防烟面罩、逃生绳索、应急照明灯以及手提式水泵等。每种设备都有其特定的应用场景及操作方法，请确保按照制造商的指南正确使用它们。"
    },
    {
      "input": "加入消防志愿服务需要什么条件？",
      "output]: "成为消防志愿者通常需要满足一定的年龄要求（一般为18岁以上），身体健康，并且完成相关培训课程。此外，良好的心理素质、团队协作能力也是十分重要的。部分地区可能还会有背景调查等额外要求。建议联系当地消防部门获取最准确的信息。",
    },
    {
      "input": "日常生活中我们可以采取哪些措施预防火灾？",
      "output": "为了有效预防火灾，您可以做到以下几点：定期检查家中的电线电缆是否老化；不在床上吸烟；妥善存放易燃物品；安装烟雾报警器并保持其正常工作状态；学习正确的用火用电知识；制定家庭疏散计划等。通过这些简单但有效的做法，可以大大降低发生火灾的风险。"
    },
    {
      "input": "如果遇到小型火灾，该如何正确使用灭火器？",
      "output": "当面对初期的小型火灾时，首先应判断火势是否可控，并确认自己处于安全位置。接着，取出最近的灭火器，先拔掉保险销，然后握住喷管对准火焰根部喷射。记得站在上风向操作，以避免吸入有害气体。对于不同类型火灾（如油类、电器等）应选择相匹配的灭火剂类型。"
    },
    {
      "input": "我国关于消防安全的主要法律法规有哪些？",
      "output": "中国有关消防安全的重要法律文件包括《中华人民共和国消防法》及其实施细则、《建筑设计防火规范》等。这些法规详细规定了建筑物的设计标准、消防设施配置要求、单位和个人的责任义务等内容。了解并遵守这些规定对于保障公共安全至关重要。"
    }
  ]
} 
Expecting ':' delimiter: line 12 column 18 (char 439)JSONDecodeError doc: {
  "conversation": [
    {
      "output": "您好，我是您的消防救援小助手GOgo，专注于提供专业且详尽的消防安全指导。在面对火灾等紧急情况时，拥有正确的知识与准备至关重要。今天，我将帮助您了解如何通过广泛开展预案宣传培训来增强预案意识、促进预案的有效执行，从而更好地保护生命和财产安全。让我们开始吧！"
    },
    {
      "input": "火灾事故调查通常包括哪些步骤？",
      "output": "火灾事故调查主要包括现场勘查、证据收集、目击者访谈以及最终分析报告四个主要阶段。首先，调查人员会仔细检查火灾现场，寻找可能引发火灾的原因；其次，搜集所有相关物理证据，如残留物、损坏程度等；接着，采访目击者获取更多细节信息；最后，综合所有资料撰写出详细的调查报告，并据此提出预防措施建议。"
    },
    {
      "input": "完整的消防救援流程是怎样的？",
      "output": "一个标准的消防救援流程大致分为警情接收、快速响应、现场评估、实施救援及事后处理五个环节。当接到报警后，消防部门会立即派遣相应力量前往；到达现场后迅速对火势进行初步判断并制定行动计划；随后按照既定方案展开灭火救人工作；待火势得到控制后还需做好善后事宜，比如清理废墟、救助伤员等。"
    },
    {
      "input": "常见的消防器材有哪些种类？",
      "output": "常见的消防器材可以分为几大类：1) 灭火器，适用于初期火灾扑救；2) 消防栓系统，用于连接水源直接喷水灭火；3) 自动喷水灭火系统，在检测到高温或烟雾时自动启动洒水装置；4) 应急照明与疏散指示标志，确保人们能够在黑暗中找到安全出口；5) 防护装备，如呼吸面罩、防护服等个人安全用品。"
    },
    {
      "input": "关于消防法律法规方面，有哪些基本要求需要遵守？",
      "output": "根据我国《中华人民共和国消防法》及相关规定，各单位和个人都必须做到以下几点：1) 不得占用、堵塞疏散通道、安全出口或者消防车通道；2) 定期维护保养建筑内的消防设施设备，确保其处于良好状态；3) 对员工进行必要的消防安全教育和技能培训；4) 发生火灾时应立即报警，并采取适当措施防止灾情扩大。"
    },
    {
      "input": "如何正确使用灭火器？",
      "output": "使用灭火器前，请先确认类型是否适合当前火源（A类固体物质、B类液体燃料、C类电气设备）。操作方法遵循"提拉压扫"四字诀：提起灭火器至适当位置→拉开保险销→保持一定距离按压把手释放干粉/泡沫/二氧化碳等介质→从根部向火焰边缘均匀扫射直至完全熄灭。注意全程佩戴防护手套以免受伤。"
    }
  ]
} 
Expecting ',' delimiter: line 24 column 69 (char 1123)